::ffff:127.0.0.1 - - [29/Dec/2017:07:31:44 +0000] "POST /api/v1/login HTTP/1.1" 200 252 "-" "node-superagent/3.8.2"
::ffff:127.0.0.1 - - [29/Dec/2017:07:31:44 +0000] "POST /api/v1/login HTTP/1.1" 200 249 "-" "node-superagent/3.8.2"
::ffff:127.0.0.1 - - [29/Dec/2017:07:31:44 +0000] "POST /api/v1/articles HTTP/1.1" 200 435 "-" "node-superagent/3.8.2"
::ffff:127.0.0.1 - - [29/Dec/2017:07:31:44 +0000] "GET /api/v1/articles/1 HTTP/1.1" 200 - "-" "node-superagent/3.8.2"
::ffff:127.0.0.1 - - [29/Dec/2017:07:31:44 +0000] "PUT /api/v1/articles/5a45ef605de7982140aa4652 HTTP/1.1" 200 53 "-" "node-superagent/3.8.2"
::ffff:127.0.0.1 - - [29/Dec/2017:07:31:44 +0000] "DELETE /api/v1/articles/5a45ef605de7982140aa4652 HTTP/1.1" 200 60 "-" "node-superagent/3.8.2"
::ffff:127.0.0.1 - - [29/Dec/2017:07:41:11 +0000] "POST /api/v1/register HTTP/1.1" 200 115 "-" "node-superagent/3.8.2"
::ffff:127.0.0.1 - - [29/Dec/2017:07:41:13 +0000] "POST /api/v1/register HTTP/1.1" 200 115 "-" "node-superagent/3.8.2"
::ffff:127.0.0.1 - - [29/Dec/2017:07:41:13 +0000] "POST /api/v1/login HTTP/1.1" 200 252 "-" "node-superagent/3.8.2"
::ffff:127.0.0.1 - - [29/Dec/2017:07:41:13 +0000] "POST /api/v1/login HTTP/1.1" 200 249 "-" "node-superagent/3.8.2"
::ffff:127.0.0.1 - - [29/Dec/2017:07:41:13 +0000] "POST /api/v1/articles HTTP/1.1" 200 435 "-" "node-superagent/3.8.2"
::ffff:127.0.0.1 - - [29/Dec/2017:07:41:13 +0000] "GET /api/v1/articles/1 HTTP/1.1" 200 - "-" "node-superagent/3.8.2"
::ffff:127.0.0.1 - - [29/Dec/2017:07:41:13 +0000] "PUT /api/v1/articles/5a45f19933b8c70a5429aa33 HTTP/1.1" 200 53 "-" "node-superagent/3.8.2"
::ffff:127.0.0.1 - - [29/Dec/2017:07:41:13 +0000] "DELETE /api/v1/articles/5a45f19933b8c70a5429aa33 HTTP/1.1" 200 60 "-" "node-superagent/3.8.2"
::1 - - [30/Dec/2017:09:42:53 +0000] "GET /article/5a44fa2a23515b02cc205239 HTTP/1.1" 200 - "-" "Mozilla/5.0 (Windows NT 10.0; Win64; x64) AppleWebKit/537.36 (KHTML, like Gecko) Chrome/63.0.3239.84 Safari/537.36"
::1 - - [30/Dec/2017:09:42:53 +0000] "GET /css/bootstrap.min.css HTTP/1.1" 304 - "http://localhost:8080/article/5a44fa2a23515b02cc205239" "Mozilla/5.0 (Windows NT 10.0; Win64; x64) AppleWebKit/537.36 (KHTML, like Gecko) Chrome/63.0.3239.84 Safari/537.36"
::1 - - [30/Dec/2017:09:42:53 +0000] "GET /libs/angular-jk-carousel/dist/jk-carousel.min.css HTTP/1.1" 304 - "http://localhost:8080/article/5a44fa2a23515b02cc205239" "Mozilla/5.0 (Windows NT 10.0; Win64; x64) AppleWebKit/537.36 (KHTML, like Gecko) Chrome/63.0.3239.84 Safari/537.36"
::1 - - [30/Dec/2017:09:42:53 +0000] "GET /libs/angular-material/angular-material.min.css HTTP/1.1" 304 - "http://localhost:8080/article/5a44fa2a23515b02cc205239" "Mozilla/5.0 (Windows NT 10.0; Win64; x64) AppleWebKit/537.36 (KHTML, like Gecko) Chrome/63.0.3239.84 Safari/537.36"
::1 - - [30/Dec/2017:09:42:53 +0000] "GET /css/style.css HTTP/1.1" 304 - "http://localhost:8080/article/5a44fa2a23515b02cc205239" "Mozilla/5.0 (Windows NT 10.0; Win64; x64) AppleWebKit/537.36 (KHTML, like Gecko) Chrome/63.0.3239.84 Safari/537.36"
::1 - - [30/Dec/2017:09:42:53 +0000] "GET /libs/components-font-awesome/css/font-awesome.min.css HTTP/1.1" 304 - "http://localhost:8080/article/5a44fa2a23515b02cc205239" "Mozilla/5.0 (Windows NT 10.0; Win64; x64) AppleWebKit/537.36 (KHTML, like Gecko) Chrome/63.0.3239.84 Safari/537.36"
::1 - - [30/Dec/2017:09:42:53 +0000] "GET /libs/angular/angular.min.js HTTP/1.1" 304 - "http://localhost:8080/article/5a44fa2a23515b02cc205239" "Mozilla/5.0 (Windows NT 10.0; Win64; x64) AppleWebKit/537.36 (KHTML, like Gecko) Chrome/63.0.3239.84 Safari/537.36"
::1 - - [30/Dec/2017:09:42:53 +0000] "GET /libs/angular-route/angular-route.min.js HTTP/1.1" 304 - "http://localhost:8080/article/5a44fa2a23515b02cc205239" "Mozilla/5.0 (Windows NT 10.0; Win64; x64) AppleWebKit/537.36 (KHTML, like Gecko) Chrome/63.0.3239.84 Safari/537.36"
::1 - - [30/Dec/2017:09:42:53 +0000] "GET /libs/angular-paging/dist/paging.min.js HTTP/1.1" 304 - "http://localhost:8080/article/5a44fa2a23515b02cc205239" "Mozilla/5.0 (Windows NT 10.0; Win64; x64) AppleWebKit/537.36 (KHTML, like Gecko) Chrome/63.0.3239.84 Safari/537.36"
::1 - - [30/Dec/2017:09:42:53 +0000] "GET /libs/angular-jk-carousel/dist/jk-carousel.min.js HTTP/1.1" 304 - "http://localhost:8080/article/5a44fa2a23515b02cc205239" "Mozilla/5.0 (Windows NT 10.0; Win64; x64) AppleWebKit/537.36 (KHTML, like Gecko) Chrome/63.0.3239.84 Safari/537.36"
::1 - - [30/Dec/2017:09:42:53 +0000] "GET /libs/angular-animate/angular-animate.min.js HTTP/1.1" 304 - "http://localhost:8080/article/5a44fa2a23515b02cc205239" "Mozilla/5.0 (Windows NT 10.0; Win64; x64) AppleWebKit/537.36 (KHTML, like Gecko) Chrome/63.0.3239.84 Safari/537.36"
::1 - - [30/Dec/2017:09:42:53 +0000] "GET /libs/angular-aria/angular-aria.min.js HTTP/1.1" 304 - "http://localhost:8080/article/5a44fa2a23515b02cc205239" "Mozilla/5.0 (Windows NT 10.0; Win64; x64) AppleWebKit/537.36 (KHTML, like Gecko) Chrome/63.0.3239.84 Safari/537.36"
::1 - - [30/Dec/2017:09:42:53 +0000] "GET /libs/ng-file-upload-shim/ng-file-upload-shim.min.js HTTP/1.1" 304 - "http://localhost:8080/article/5a44fa2a23515b02cc205239" "Mozilla/5.0 (Windows NT 10.0; Win64; x64) AppleWebKit/537.36 (KHTML, like Gecko) Chrome/63.0.3239.84 Safari/537.36"
::1 - - [30/Dec/2017:09:42:53 +0000] "GET /libs/angular-messages/angular-messages.min.js HTTP/1.1" 304 - "http://localhost:8080/article/5a44fa2a23515b02cc205239" "Mozilla/5.0 (Windows NT 10.0; Win64; x64) AppleWebKit/537.36 (KHTML, like Gecko) Chrome/63.0.3239.84 Safari/537.36"
::1 - - [30/Dec/2017:09:42:53 +0000] "GET /libs/ng-file-upload/ng-file-upload.min.js HTTP/1.1" 304 - "http://localhost:8080/article/5a44fa2a23515b02cc205239" "Mozilla/5.0 (Windows NT 10.0; Win64; x64) AppleWebKit/537.36 (KHTML, like Gecko) Chrome/63.0.3239.84 Safari/537.36"
::1 - - [30/Dec/2017:09:42:53 +0000] "GET /libs/angular-google-analytics/dist/angular-google-analytics.min.js HTTP/1.1" 304 - "http://localhost:8080/article/5a44fa2a23515b02cc205239" "Mozilla/5.0 (Windows NT 10.0; Win64; x64) AppleWebKit/537.36 (KHTML, like Gecko) Chrome/63.0.3239.84 Safari/537.36"
::1 - - [30/Dec/2017:09:42:53 +0000] "GET /libs/angular-material/angular-material.min.js HTTP/1.1" 304 - "http://localhost:8080/article/5a44fa2a23515b02cc205239" "Mozilla/5.0 (Windows NT 10.0; Win64; x64) AppleWebKit/537.36 (KHTML, like Gecko) Chrome/63.0.3239.84 Safari/537.36"
::1 - - [30/Dec/2017:09:42:53 +0000] "GET /libs/angular-flash-alert/dist/angular-flash.min.js HTTP/1.1" 304 - "http://localhost:8080/article/5a44fa2a23515b02cc205239" "Mozilla/5.0 (Windows NT 10.0; Win64; x64) AppleWebKit/537.36 (KHTML, like Gecko) Chrome/63.0.3239.84 Safari/537.36"
::1 - - [30/Dec/2017:09:42:53 +0000] "GET /libs/jquery/dist/jquery.min.js HTTP/1.1" 304 - "http://localhost:8080/article/5a44fa2a23515b02cc205239" "Mozilla/5.0 (Windows NT 10.0; Win64; x64) AppleWebKit/537.36 (KHTML, like Gecko) Chrome/63.0.3239.84 Safari/537.36"
::1 - - [30/Dec/2017:09:42:53 +0000] "GET /js/common/service.js HTTP/1.1" 304 - "http://localhost:8080/article/5a44fa2a23515b02cc205239" "Mozilla/5.0 (Windows NT 10.0; Win64; x64) AppleWebKit/537.36 (KHTML, like Gecko) Chrome/63.0.3239.84 Safari/537.36"
::1 - - [30/Dec/2017:09:42:53 +0000] "GET /js/common/controller.js HTTP/1.1" 304 - "http://localhost:8080/article/5a44fa2a23515b02cc205239" "Mozilla/5.0 (Windows NT 10.0; Win64; x64) AppleWebKit/537.36 (KHTML, like Gecko) Chrome/63.0.3239.84 Safari/537.36"
::1 - - [30/Dec/2017:09:42:53 +0000] "GET /js/user/controller.js HTTP/1.1" 304 - "http://localhost:8080/article/5a44fa2a23515b02cc205239" "Mozilla/5.0 (Windows NT 10.0; Win64; x64) AppleWebKit/537.36 (KHTML, like Gecko) Chrome/63.0.3239.84 Safari/537.36"
::1 - - [30/Dec/2017:09:42:53 +0000] "GET /js/article/controller.js HTTP/1.1" 304 - "http://localhost:8080/article/5a44fa2a23515b02cc205239" "Mozilla/5.0 (Windows NT 10.0; Win64; x64) AppleWebKit/537.36 (KHTML, like Gecko) Chrome/63.0.3239.84 Safari/537.36"
::1 - - [30/Dec/2017:09:42:53 +0000] "GET /js/routes.js HTTP/1.1" 304 - "http://localhost:8080/article/5a44fa2a23515b02cc205239" "Mozilla/5.0 (Windows NT 10.0; Win64; x64) AppleWebKit/537.36 (KHTML, like Gecko) Chrome/63.0.3239.84 Safari/537.36"
::1 - - [30/Dec/2017:09:42:53 +0000] "GET /js/user/service.js HTTP/1.1" 304 - "http://localhost:8080/article/5a44fa2a23515b02cc205239" "Mozilla/5.0 (Windows NT 10.0; Win64; x64) AppleWebKit/537.36 (KHTML, like Gecko) Chrome/63.0.3239.84 Safari/537.36"
::1 - - [30/Dec/2017:09:42:53 +0000] "GET /js/article/service.js HTTP/1.1" 304 - "http://localhost:8080/article/5a44fa2a23515b02cc205239" "Mozilla/5.0 (Windows NT 10.0; Win64; x64) AppleWebKit/537.36 (KHTML, like Gecko) Chrome/63.0.3239.84 Safari/537.36"
::1 - - [30/Dec/2017:09:42:53 +0000] "GET /js/app.js HTTP/1.1" 304 - "http://localhost:8080/article/5a44fa2a23515b02cc205239" "Mozilla/5.0 (Windows NT 10.0; Win64; x64) AppleWebKit/537.36 (KHTML, like Gecko) Chrome/63.0.3239.84 Safari/537.36"
::1 - - [30/Dec/2017:09:42:53 +0000] "GET /views/article.html HTTP/1.1" 304 - "http://localhost:8080/article/5a44fa2a23515b02cc205239" "Mozilla/5.0 (Windows NT 10.0; Win64; x64) AppleWebKit/537.36 (KHTML, like Gecko) Chrome/63.0.3239.84 Safari/537.36"
::1 - - [30/Dec/2017:09:42:53 +0000] "GET /images/icon.png HTTP/1.1" 304 - "http://localhost:8080/article/5a44fa2a23515b02cc205239" "Mozilla/5.0 (Windows NT 10.0; Win64; x64) AppleWebKit/537.36 (KHTML, like Gecko) Chrome/63.0.3239.84 Safari/537.36"
::1 - - [30/Dec/2017:09:42:53 +0000] "GET /api/v1/articles/single/5a44fa2a23515b02cc205239 HTTP/1.1" 304 - "http://localhost:8080/article/5a44fa2a23515b02cc205239" "Mozilla/5.0 (Windows NT 10.0; Win64; x64) AppleWebKit/537.36 (KHTML, like Gecko) Chrome/63.0.3239.84 Safari/537.36"
::1 - - [30/Dec/2017:09:42:53 +0000] "GET /views/partials/header.html HTTP/1.1" 304 - "http://localhost:8080/article/5a44fa2a23515b02cc205239" "Mozilla/5.0 (Windows NT 10.0; Win64; x64) AppleWebKit/537.36 (KHTML, like Gecko) Chrome/63.0.3239.84 Safari/537.36"
::1 - - [30/Dec/2017:09:42:53 +0000] "GET /views/partials/footer.html HTTP/1.1" 304 - "http://localhost:8080/article/5a44fa2a23515b02cc205239" "Mozilla/5.0 (Windows NT 10.0; Win64; x64) AppleWebKit/537.36 (KHTML, like Gecko) Chrome/63.0.3239.84 Safari/537.36"
::1 - - [30/Dec/2017:09:42:53 +0000] "GET /views/partials/banner.html HTTP/1.1" 200 221 "http://localhost:8080/article/5a44fa2a23515b02cc205239" "Mozilla/5.0 (Windows NT 10.0; Win64; x64) AppleWebKit/537.36 (KHTML, like Gecko) Chrome/63.0.3239.84 Safari/537.36"
::1 - - [30/Dec/2017:09:42:53 +0000] "GET /fonts/glyphicons-halflings-regular.woff2 HTTP/1.1" 304 - "http://localhost:8080/css/bootstrap.min.css" "Mozilla/5.0 (Windows NT 10.0; Win64; x64) AppleWebKit/537.36 (KHTML, like Gecko) Chrome/63.0.3239.84 Safari/537.36"
::1 - - [30/Dec/2017:09:42:53 +0000] "GET /libs/components-font-awesome/fonts/fontawesome-webfont.woff2?v=4.7.0 HTTP/1.1" 304 - "http://localhost:8080/libs/components-font-awesome/css/font-awesome.min.css" "Mozilla/5.0 (Windows NT 10.0; Win64; x64) AppleWebKit/537.36 (KHTML, like Gecko) Chrome/63.0.3239.84 Safari/537.36"
::1 - - [30/Dec/2017:09:42:53 +0000] "GET /views/partials/silder.html HTTP/1.1" 304 - "http://localhost:8080/article/5a44fa2a23515b02cc205239" "Mozilla/5.0 (Windows NT 10.0; Win64; x64) AppleWebKit/537.36 (KHTML, like Gecko) Chrome/63.0.3239.84 Safari/537.36"
::1 - - [30/Dec/2017:09:42:53 +0000] "GET /images/img-sprite.png HTTP/1.1" 304 - "http://localhost:8080/css/style.css" "Mozilla/5.0 (Windows NT 10.0; Win64; x64) AppleWebKit/537.36 (KHTML, like Gecko) Chrome/63.0.3239.84 Safari/537.36"
::1 - - [30/Dec/2017:09:42:53 +0000] "GET /images/banner.jpg HTTP/1.1" 304 - "http://localhost:8080/css/style.css" "Mozilla/5.0 (Windows NT 10.0; Win64; x64) AppleWebKit/537.36 (KHTML, like Gecko) Chrome/63.0.3239.84 Safari/537.36"
::1 - - [30/Dec/2017:09:42:53 +0000] "GET /images/1514469930039smartphone-versus-v400-3g-blanc.jpg HTTP/1.1" 304 - "http://localhost:8080/article/5a44fa2a23515b02cc205239" "Mozilla/5.0 (Windows NT 10.0; Win64; x64) AppleWebKit/537.36 (KHTML, like Gecko) Chrome/63.0.3239.84 Safari/537.36"
::1 - - [30/Dec/2017:09:43:01 +0000] "GET / HTTP/1.1" 304 - "-" "Mozilla/5.0 (Windows NT 10.0; Win64; x64) AppleWebKit/537.36 (KHTML, like Gecko) Chrome/63.0.3239.84 Safari/537.36"
::1 - - [30/Dec/2017:09:43:01 +0000] "GET /css/bootstrap.min.css HTTP/1.1" 304 - "http://localhost:8080/" "Mozilla/5.0 (Windows NT 10.0; Win64; x64) AppleWebKit/537.36 (KHTML, like Gecko) Chrome/63.0.3239.84 Safari/537.36"
::1 - - [30/Dec/2017:09:43:01 +0000] "GET /libs/angular-jk-carousel/dist/jk-carousel.min.css HTTP/1.1" 304 - "http://localhost:8080/" "Mozilla/5.0 (Windows NT 10.0; Win64; x64) AppleWebKit/537.36 (KHTML, like Gecko) Chrome/63.0.3239.84 Safari/537.36"
::1 - - [30/Dec/2017:09:43:01 +0000] "GET /libs/angular-material/angular-material.min.css HTTP/1.1" 304 - "http://localhost:8080/" "Mozilla/5.0 (Windows NT 10.0; Win64; x64) AppleWebKit/537.36 (KHTML, like Gecko) Chrome/63.0.3239.84 Safari/537.36"
::1 - - [30/Dec/2017:09:43:01 +0000] "GET /libs/components-font-awesome/css/font-awesome.min.css HTTP/1.1" 304 - "http://localhost:8080/" "Mozilla/5.0 (Windows NT 10.0; Win64; x64) AppleWebKit/537.36 (KHTML, like Gecko) Chrome/63.0.3239.84 Safari/537.36"
::1 - - [30/Dec/2017:09:43:01 +0000] "GET /css/style.css HTTP/1.1" 304 - "http://localhost:8080/" "Mozilla/5.0 (Windows NT 10.0; Win64; x64) AppleWebKit/537.36 (KHTML, like Gecko) Chrome/63.0.3239.84 Safari/537.36"
::1 - - [30/Dec/2017:09:43:01 +0000] "GET /libs/angular/angular.min.js HTTP/1.1" 304 - "http://localhost:8080/" "Mozilla/5.0 (Windows NT 10.0; Win64; x64) AppleWebKit/537.36 (KHTML, like Gecko) Chrome/63.0.3239.84 Safari/537.36"
::1 - - [30/Dec/2017:09:43:02 +0000] "GET /libs/angular-route/angular-route.min.js HTTP/1.1" 304 - "http://localhost:8080/" "Mozilla/5.0 (Windows NT 10.0; Win64; x64) AppleWebKit/537.36 (KHTML, like Gecko) Chrome/63.0.3239.84 Safari/537.36"
::1 - - [30/Dec/2017:09:43:02 +0000] "GET /libs/angular-paging/dist/paging.min.js HTTP/1.1" 304 - "http://localhost:8080/" "Mozilla/5.0 (Windows NT 10.0; Win64; x64) AppleWebKit/537.36 (KHTML, like Gecko) Chrome/63.0.3239.84 Safari/537.36"
::1 - - [30/Dec/2017:09:43:02 +0000] "GET /libs/angular-jk-carousel/dist/jk-carousel.min.js HTTP/1.1" 304 - "http://localhost:8080/" "Mozilla/5.0 (Windows NT 10.0; Win64; x64) AppleWebKit/537.36 (KHTML, like Gecko) Chrome/63.0.3239.84 Safari/537.36"
::1 - - [30/Dec/2017:09:43:02 +0000] "GET /libs/angular-animate/angular-animate.min.js HTTP/1.1" 304 - "http://localhost:8080/" "Mozilla/5.0 (Windows NT 10.0; Win64; x64) AppleWebKit/537.36 (KHTML, like Gecko) Chrome/63.0.3239.84 Safari/537.36"
::1 - - [30/Dec/2017:09:43:02 +0000] "GET /libs/angular-aria/angular-aria.min.js HTTP/1.1" 304 - "http://localhost:8080/" "Mozilla/5.0 (Windows NT 10.0; Win64; x64) AppleWebKit/537.36 (KHTML, like Gecko) Chrome/63.0.3239.84 Safari/537.36"
::1 - - [30/Dec/2017:09:43:02 +0000] "GET /libs/angular-messages/angular-messages.min.js HTTP/1.1" 304 - "http://localhost:8080/" "Mozilla/5.0 (Windows NT 10.0; Win64; x64) AppleWebKit/537.36 (KHTML, like Gecko) Chrome/63.0.3239.84 Safari/537.36"
::1 - - [30/Dec/2017:09:43:02 +0000] "GET /libs/ng-file-upload-shim/ng-file-upload-shim.min.js HTTP/1.1" 304 - "http://localhost:8080/" "Mozilla/5.0 (Windows NT 10.0; Win64; x64) AppleWebKit/537.36 (KHTML, like Gecko) Chrome/63.0.3239.84 Safari/537.36"
::1 - - [30/Dec/2017:09:43:02 +0000] "GET /libs/ng-file-upload/ng-file-upload.min.js HTTP/1.1" 304 - "http://localhost:8080/" "Mozilla/5.0 (Windows NT 10.0; Win64; x64) AppleWebKit/537.36 (KHTML, like Gecko) Chrome/63.0.3239.84 Safari/537.36"
::1 - - [30/Dec/2017:09:43:02 +0000] "GET /libs/angular-material/angular-material.min.js HTTP/1.1" 304 - "http://localhost:8080/" "Mozilla/5.0 (Windows NT 10.0; Win64; x64) AppleWebKit/537.36 (KHTML, like Gecko) Chrome/63.0.3239.84 Safari/537.36"
::1 - - [30/Dec/2017:09:43:02 +0000] "GET /libs/angular-google-analytics/dist/angular-google-analytics.min.js HTTP/1.1" 304 - "http://localhost:8080/" "Mozilla/5.0 (Windows NT 10.0; Win64; x64) AppleWebKit/537.36 (KHTML, like Gecko) Chrome/63.0.3239.84 Safari/537.36"
::1 - - [30/Dec/2017:09:43:02 +0000] "GET /libs/angular-flash-alert/dist/angular-flash.min.js HTTP/1.1" 304 - "http://localhost:8080/" "Mozilla/5.0 (Windows NT 10.0; Win64; x64) AppleWebKit/537.36 (KHTML, like Gecko) Chrome/63.0.3239.84 Safari/537.36"
::1 - - [30/Dec/2017:09:43:02 +0000] "GET /libs/jquery/dist/jquery.min.js HTTP/1.1" 304 - "http://localhost:8080/" "Mozilla/5.0 (Windows NT 10.0; Win64; x64) AppleWebKit/537.36 (KHTML, like Gecko) Chrome/63.0.3239.84 Safari/537.36"
::1 - - [30/Dec/2017:09:43:02 +0000] "GET /js/common/service.js HTTP/1.1" 304 - "http://localhost:8080/" "Mozilla/5.0 (Windows NT 10.0; Win64; x64) AppleWebKit/537.36 (KHTML, like Gecko) Chrome/63.0.3239.84 Safari/537.36"
::1 - - [30/Dec/2017:09:43:02 +0000] "GET /js/common/controller.js HTTP/1.1" 304 - "http://localhost:8080/" "Mozilla/5.0 (Windows NT 10.0; Win64; x64) AppleWebKit/537.36 (KHTML, like Gecko) Chrome/63.0.3239.84 Safari/537.36"
::1 - - [30/Dec/2017:09:43:02 +0000] "GET /js/user/service.js HTTP/1.1" 304 - "http://localhost:8080/" "Mozilla/5.0 (Windows NT 10.0; Win64; x64) AppleWebKit/537.36 (KHTML, like Gecko) Chrome/63.0.3239.84 Safari/537.36"
::1 - - [30/Dec/2017:09:43:02 +0000] "GET /js/user/controller.js HTTP/1.1" 304 - "http://localhost:8080/" "Mozilla/5.0 (Windows NT 10.0; Win64; x64) AppleWebKit/537.36 (KHTML, like Gecko) Chrome/63.0.3239.84 Safari/537.36"
::1 - - [30/Dec/2017:09:43:02 +0000] "GET /js/article/controller.js HTTP/1.1" 304 - "http://localhost:8080/" "Mozilla/5.0 (Windows NT 10.0; Win64; x64) AppleWebKit/537.36 (KHTML, like Gecko) Chrome/63.0.3239.84 Safari/537.36"
::1 - - [30/Dec/2017:09:43:02 +0000] "GET /js/article/service.js HTTP/1.1" 304 - "http://localhost:8080/" "Mozilla/5.0 (Windows NT 10.0; Win64; x64) AppleWebKit/537.36 (KHTML, like Gecko) Chrome/63.0.3239.84 Safari/537.36"
::1 - - [30/Dec/2017:09:43:02 +0000] "GET /js/routes.js HTTP/1.1" 304 - "http://localhost:8080/" "Mozilla/5.0 (Windows NT 10.0; Win64; x64) AppleWebKit/537.36 (KHTML, like Gecko) Chrome/63.0.3239.84 Safari/537.36"
::1 - - [30/Dec/2017:09:43:02 +0000] "GET /js/app.js HTTP/1.1" 304 - "http://localhost:8080/" "Mozilla/5.0 (Windows NT 10.0; Win64; x64) AppleWebKit/537.36 (KHTML, like Gecko) Chrome/63.0.3239.84 Safari/537.36"
::1 - - [30/Dec/2017:09:43:02 +0000] "GET /views/index.html HTTP/1.1" 304 - "http://localhost:8080/" "Mozilla/5.0 (Windows NT 10.0; Win64; x64) AppleWebKit/537.36 (KHTML, like Gecko) Chrome/63.0.3239.84 Safari/537.36"
::1 - - [30/Dec/2017:09:43:02 +0000] "GET /images/icon.png HTTP/1.1" 304 - "http://localhost:8080/" "Mozilla/5.0 (Windows NT 10.0; Win64; x64) AppleWebKit/537.36 (KHTML, like Gecko) Chrome/63.0.3239.84 Safari/537.36"
::1 - - [30/Dec/2017:09:43:02 +0000] "GET /api/v1/users HTTP/1.1" 304 - "http://localhost:8080/" "Mozilla/5.0 (Windows NT 10.0; Win64; x64) AppleWebKit/537.36 (KHTML, like Gecko) Chrome/63.0.3239.84 Safari/537.36"
::1 - - [30/Dec/2017:09:43:02 +0000] "GET /views/partials/header.html HTTP/1.1" 304 - "http://localhost:8080/" "Mozilla/5.0 (Windows NT 10.0; Win64; x64) AppleWebKit/537.36 (KHTML, like Gecko) Chrome/63.0.3239.84 Safari/537.36"
::1 - - [30/Dec/2017:09:43:02 +0000] "GET /views/partials/forms/searchform.html HTTP/1.1" 304 - "http://localhost:8080/" "Mozilla/5.0 (Windows NT 10.0; Win64; x64) AppleWebKit/537.36 (KHTML, like Gecko) Chrome/63.0.3239.84 Safari/537.36"
::1 - - [30/Dec/2017:09:43:02 +0000] "GET /views/partials/footer.html HTTP/1.1" 304 - "http://localhost:8080/" "Mozilla/5.0 (Windows NT 10.0; Win64; x64) AppleWebKit/537.36 (KHTML, like Gecko) Chrome/63.0.3239.84 Safari/537.36"
::1 - - [30/Dec/2017:09:43:02 +0000] "GET /libs/components-font-awesome/fonts/fontawesome-webfont.woff2?v=4.7.0 HTTP/1.1" 304 - "http://localhost:8080/libs/components-font-awesome/css/font-awesome.min.css" "Mozilla/5.0 (Windows NT 10.0; Win64; x64) AppleWebKit/537.36 (KHTML, like Gecko) Chrome/63.0.3239.84 Safari/537.36"
::1 - - [30/Dec/2017:09:43:02 +0000] "GET /api/v1/users HTTP/1.1" 304 - "http://localhost:8080/" "Mozilla/5.0 (Windows NT 10.0; Win64; x64) AppleWebKit/537.36 (KHTML, like Gecko) Chrome/63.0.3239.84 Safari/537.36"
::1 - - [30/Dec/2017:09:43:02 +0000] "GET /fonts/glyphicons-halflings-regular.woff2 HTTP/1.1" 304 - "http://localhost:8080/css/bootstrap.min.css" "Mozilla/5.0 (Windows NT 10.0; Win64; x64) AppleWebKit/537.36 (KHTML, like Gecko) Chrome/63.0.3239.84 Safari/537.36"
::1 - - [30/Dec/2017:09:43:02 +0000] "GET /images/img-sprite.png HTTP/1.1" 304 - "http://localhost:8080/css/style.css" "Mozilla/5.0 (Windows NT 10.0; Win64; x64) AppleWebKit/537.36 (KHTML, like Gecko) Chrome/63.0.3239.84 Safari/537.36"
::1 - - [30/Dec/2017:11:52:11 +0000] "GET / HTTP/1.1" 304 - "-" "Mozilla/5.0 (Windows NT 10.0; Win64; x64) AppleWebKit/537.36 (KHTML, like Gecko) Chrome/63.0.3239.84 Safari/537.36"
::1 - - [30/Dec/2017:11:52:11 +0000] "GET /libs/angular-jk-carousel/dist/jk-carousel.min.css HTTP/1.1" 304 - "http://localhost:8080/" "Mozilla/5.0 (Windows NT 10.0; Win64; x64) AppleWebKit/537.36 (KHTML, like Gecko) Chrome/63.0.3239.84 Safari/537.36"
::1 - - [30/Dec/2017:11:52:11 +0000] "GET /css/style.css HTTP/1.1" 304 - "http://localhost:8080/" "Mozilla/5.0 (Windows NT 10.0; Win64; x64) AppleWebKit/537.36 (KHTML, like Gecko) Chrome/63.0.3239.84 Safari/537.36"
::1 - - [30/Dec/2017:11:52:11 +0000] "GET /libs/components-font-awesome/css/font-awesome.min.css HTTP/1.1" 304 - "http://localhost:8080/" "Mozilla/5.0 (Windows NT 10.0; Win64; x64) AppleWebKit/537.36 (KHTML, like Gecko) Chrome/63.0.3239.84 Safari/537.36"
::1 - - [30/Dec/2017:11:52:11 +0000] "GET /libs/angular/angular.min.js HTTP/1.1" 304 - "http://localhost:8080/" "Mozilla/5.0 (Windows NT 10.0; Win64; x64) AppleWebKit/537.36 (KHTML, like Gecko) Chrome/63.0.3239.84 Safari/537.36"
::1 - - [30/Dec/2017:11:52:11 +0000] "GET /libs/angular-route/angular-route.min.js HTTP/1.1" 304 - "http://localhost:8080/" "Mozilla/5.0 (Windows NT 10.0; Win64; x64) AppleWebKit/537.36 (KHTML, like Gecko) Chrome/63.0.3239.84 Safari/537.36"
::1 - - [30/Dec/2017:11:52:11 +0000] "GET /libs/angular-paging/dist/paging.min.js HTTP/1.1" 304 - "http://localhost:8080/" "Mozilla/5.0 (Windows NT 10.0; Win64; x64) AppleWebKit/537.36 (KHTML, like Gecko) Chrome/63.0.3239.84 Safari/537.36"
::1 - - [30/Dec/2017:11:52:11 +0000] "GET /libs/angular-jk-carousel/dist/jk-carousel.min.js HTTP/1.1" 304 - "http://localhost:8080/" "Mozilla/5.0 (Windows NT 10.0; Win64; x64) AppleWebKit/537.36 (KHTML, like Gecko) Chrome/63.0.3239.84 Safari/537.36"
::1 - - [30/Dec/2017:11:52:11 +0000] "GET /libs/angular-animate/angular-animate.min.js HTTP/1.1" 304 - "http://localhost:8080/" "Mozilla/5.0 (Windows NT 10.0; Win64; x64) AppleWebKit/537.36 (KHTML, like Gecko) Chrome/63.0.3239.84 Safari/537.36"
::1 - - [30/Dec/2017:11:52:12 +0000] "GET /libs/angular-material/angular-material.min.css HTTP/1.1" 304 - "http://localhost:8080/" "Mozilla/5.0 (Windows NT 10.0; Win64; x64) AppleWebKit/537.36 (KHTML, like Gecko) Chrome/63.0.3239.84 Safari/537.36"
::1 - - [30/Dec/2017:11:52:12 +0000] "GET /libs/angular-messages/angular-messages.min.js HTTP/1.1" 304 - "http://localhost:8080/" "Mozilla/5.0 (Windows NT 10.0; Win64; x64) AppleWebKit/537.36 (KHTML, like Gecko) Chrome/63.0.3239.84 Safari/537.36"
::1 - - [30/Dec/2017:11:52:12 +0000] "GET /css/bootstrap.min.css HTTP/1.1" 304 - "http://localhost:8080/" "Mozilla/5.0 (Windows NT 10.0; Win64; x64) AppleWebKit/537.36 (KHTML, like Gecko) Chrome/63.0.3239.84 Safari/537.36"
::1 - - [30/Dec/2017:11:52:12 +0000] "GET /libs/angular-aria/angular-aria.min.js HTTP/1.1" 304 - "http://localhost:8080/" "Mozilla/5.0 (Windows NT 10.0; Win64; x64) AppleWebKit/537.36 (KHTML, like Gecko) Chrome/63.0.3239.84 Safari/537.36"
::1 - - [30/Dec/2017:11:52:12 +0000] "GET /libs/ng-file-upload-shim/ng-file-upload-shim.min.js HTTP/1.1" 304 - "http://localhost:8080/" "Mozilla/5.0 (Windows NT 10.0; Win64; x64) AppleWebKit/537.36 (KHTML, like Gecko) Chrome/63.0.3239.84 Safari/537.36"
::1 - - [30/Dec/2017:11:52:12 +0000] "GET /libs/ng-file-upload/ng-file-upload.min.js HTTP/1.1" 304 - "http://localhost:8080/" "Mozilla/5.0 (Windows NT 10.0; Win64; x64) AppleWebKit/537.36 (KHTML, like Gecko) Chrome/63.0.3239.84 Safari/537.36"
::1 - - [30/Dec/2017:11:52:12 +0000] "GET /libs/angular-material/angular-material.min.js HTTP/1.1" 304 - "http://localhost:8080/" "Mozilla/5.0 (Windows NT 10.0; Win64; x64) AppleWebKit/537.36 (KHTML, like Gecko) Chrome/63.0.3239.84 Safari/537.36"
::1 - - [30/Dec/2017:11:52:12 +0000] "GET /js/common/service.js HTTP/1.1" 304 - "http://localhost:8080/" "Mozilla/5.0 (Windows NT 10.0; Win64; x64) AppleWebKit/537.36 (KHTML, like Gecko) Chrome/63.0.3239.84 Safari/537.36"
::1 - - [30/Dec/2017:11:52:12 +0000] "GET /libs/angular-flash-alert/dist/angular-flash.min.js HTTP/1.1" 304 - "http://localhost:8080/" "Mozilla/5.0 (Windows NT 10.0; Win64; x64) AppleWebKit/537.36 (KHTML, like Gecko) Chrome/63.0.3239.84 Safari/537.36"
::1 - - [30/Dec/2017:11:52:12 +0000] "GET /js/common/controller.js HTTP/1.1" 304 - "http://localhost:8080/" "Mozilla/5.0 (Windows NT 10.0; Win64; x64) AppleWebKit/537.36 (KHTML, like Gecko) Chrome/63.0.3239.84 Safari/537.36"
::1 - - [30/Dec/2017:11:52:12 +0000] "GET /libs/angular-google-analytics/dist/angular-google-analytics.min.js HTTP/1.1" 304 - "http://localhost:8080/" "Mozilla/5.0 (Windows NT 10.0; Win64; x64) AppleWebKit/537.36 (KHTML, like Gecko) Chrome/63.0.3239.84 Safari/537.36"
::1 - - [30/Dec/2017:11:52:12 +0000] "GET /libs/jquery/dist/jquery.min.js HTTP/1.1" 304 - "http://localhost:8080/" "Mozilla/5.0 (Windows NT 10.0; Win64; x64) AppleWebKit/537.36 (KHTML, like Gecko) Chrome/63.0.3239.84 Safari/537.36"
::1 - - [30/Dec/2017:11:52:12 +0000] "GET /js/user/service.js HTTP/1.1" 304 - "http://localhost:8080/" "Mozilla/5.0 (Windows NT 10.0; Win64; x64) AppleWebKit/537.36 (KHTML, like Gecko) Chrome/63.0.3239.84 Safari/537.36"
::1 - - [30/Dec/2017:11:52:12 +0000] "GET /js/user/controller.js HTTP/1.1" 304 - "http://localhost:8080/" "Mozilla/5.0 (Windows NT 10.0; Win64; x64) AppleWebKit/537.36 (KHTML, like Gecko) Chrome/63.0.3239.84 Safari/537.36"
::1 - - [30/Dec/2017:11:52:12 +0000] "GET /js/article/controller.js HTTP/1.1" 304 - "http://localhost:8080/" "Mozilla/5.0 (Windows NT 10.0; Win64; x64) AppleWebKit/537.36 (KHTML, like Gecko) Chrome/63.0.3239.84 Safari/537.36"
::1 - - [30/Dec/2017:11:52:12 +0000] "GET /js/article/service.js HTTP/1.1" 304 - "http://localhost:8080/" "Mozilla/5.0 (Windows NT 10.0; Win64; x64) AppleWebKit/537.36 (KHTML, like Gecko) Chrome/63.0.3239.84 Safari/537.36"
::1 - - [30/Dec/2017:11:52:12 +0000] "GET /js/app.js HTTP/1.1" 304 - "http://localhost:8080/" "Mozilla/5.0 (Windows NT 10.0; Win64; x64) AppleWebKit/537.36 (KHTML, like Gecko) Chrome/63.0.3239.84 Safari/537.36"
::1 - - [30/Dec/2017:11:52:12 +0000] "GET /js/routes.js HTTP/1.1" 304 - "http://localhost:8080/" "Mozilla/5.0 (Windows NT 10.0; Win64; x64) AppleWebKit/537.36 (KHTML, like Gecko) Chrome/63.0.3239.84 Safari/537.36"
::1 - - [30/Dec/2017:11:52:12 +0000] "GET /views/index.html HTTP/1.1" 304 - "http://localhost:8080/" "Mozilla/5.0 (Windows NT 10.0; Win64; x64) AppleWebKit/537.36 (KHTML, like Gecko) Chrome/63.0.3239.84 Safari/537.36"
::1 - - [30/Dec/2017:11:52:12 +0000] "GET /images/icon.png HTTP/1.1" 304 - "http://localhost:8080/" "Mozilla/5.0 (Windows NT 10.0; Win64; x64) AppleWebKit/537.36 (KHTML, like Gecko) Chrome/63.0.3239.84 Safari/537.36"
::1 - - [30/Dec/2017:11:52:12 +0000] "GET /views/partials/header.html HTTP/1.1" 304 - "http://localhost:8080/" "Mozilla/5.0 (Windows NT 10.0; Win64; x64) AppleWebKit/537.36 (KHTML, like Gecko) Chrome/63.0.3239.84 Safari/537.36"
::1 - - [30/Dec/2017:11:52:12 +0000] "GET /views/partials/forms/searchform.html HTTP/1.1" 304 - "http://localhost:8080/" "Mozilla/5.0 (Windows NT 10.0; Win64; x64) AppleWebKit/537.36 (KHTML, like Gecko) Chrome/63.0.3239.84 Safari/537.36"
::1 - - [30/Dec/2017:11:52:12 +0000] "GET /views/partials/footer.html HTTP/1.1" 304 - "http://localhost:8080/" "Mozilla/5.0 (Windows NT 10.0; Win64; x64) AppleWebKit/537.36 (KHTML, like Gecko) Chrome/63.0.3239.84 Safari/537.36"
::1 - - [30/Dec/2017:11:52:12 +0000] "GET /api/v1/users HTTP/1.1" 304 - "http://localhost:8080/" "Mozilla/5.0 (Windows NT 10.0; Win64; x64) AppleWebKit/537.36 (KHTML, like Gecko) Chrome/63.0.3239.84 Safari/537.36"
::1 - - [30/Dec/2017:11:52:12 +0000] "GET /libs/components-font-awesome/fonts/fontawesome-webfont.woff2?v=4.7.0 HTTP/1.1" 304 - "http://localhost:8080/libs/components-font-awesome/css/font-awesome.min.css" "Mozilla/5.0 (Windows NT 10.0; Win64; x64) AppleWebKit/537.36 (KHTML, like Gecko) Chrome/63.0.3239.84 Safari/537.36"
::1 - - [30/Dec/2017:11:52:12 +0000] "GET /api/v1/users HTTP/1.1" 304 - "http://localhost:8080/" "Mozilla/5.0 (Windows NT 10.0; Win64; x64) AppleWebKit/537.36 (KHTML, like Gecko) Chrome/63.0.3239.84 Safari/537.36"
::1 - - [30/Dec/2017:11:52:13 +0000] "GET /fonts/glyphicons-halflings-regular.woff2 HTTP/1.1" 304 - "http://localhost:8080/css/bootstrap.min.css" "Mozilla/5.0 (Windows NT 10.0; Win64; x64) AppleWebKit/537.36 (KHTML, like Gecko) Chrome/63.0.3239.84 Safari/537.36"
::1 - - [30/Dec/2017:11:52:13 +0000] "GET /images/img-sprite.png HTTP/1.1" 304 - "http://localhost:8080/css/style.css" "Mozilla/5.0 (Windows NT 10.0; Win64; x64) AppleWebKit/537.36 (KHTML, like Gecko) Chrome/63.0.3239.84 Safari/537.36"
::1 - - [30/Dec/2017:11:52:16 +0000] "GET / HTTP/1.1" 304 - "http://localhost:8080/" "Mozilla/5.0 (Windows NT 10.0; Win64; x64) AppleWebKit/537.36 (KHTML, like Gecko) Chrome/63.0.3239.84 Safari/537.36"
::1 - - [30/Dec/2017:11:52:16 +0000] "GET /css/bootstrap.min.css HTTP/1.1" 304 - "http://localhost:8080/" "Mozilla/5.0 (Windows NT 10.0; Win64; x64) AppleWebKit/537.36 (KHTML, like Gecko) Chrome/63.0.3239.84 Safari/537.36"
::1 - - [30/Dec/2017:11:52:17 +0000] "GET /libs/angular-jk-carousel/dist/jk-carousel.min.css HTTP/1.1" 304 - "http://localhost:8080/" "Mozilla/5.0 (Windows NT 10.0; Win64; x64) AppleWebKit/537.36 (KHTML, like Gecko) Chrome/63.0.3239.84 Safari/537.36"
::1 - - [30/Dec/2017:11:52:17 +0000] "GET /libs/angular-material/angular-material.min.css HTTP/1.1" 304 - "http://localhost:8080/" "Mozilla/5.0 (Windows NT 10.0; Win64; x64) AppleWebKit/537.36 (KHTML, like Gecko) Chrome/63.0.3239.84 Safari/537.36"
::1 - - [30/Dec/2017:11:52:17 +0000] "GET /css/style.css HTTP/1.1" 304 - "http://localhost:8080/" "Mozilla/5.0 (Windows NT 10.0; Win64; x64) AppleWebKit/537.36 (KHTML, like Gecko) Chrome/63.0.3239.84 Safari/537.36"
::1 - - [30/Dec/2017:11:52:17 +0000] "GET /libs/components-font-awesome/css/font-awesome.min.css HTTP/1.1" 304 - "http://localhost:8080/" "Mozilla/5.0 (Windows NT 10.0; Win64; x64) AppleWebKit/537.36 (KHTML, like Gecko) Chrome/63.0.3239.84 Safari/537.36"
::1 - - [30/Dec/2017:11:52:17 +0000] "GET /libs/angular/angular.min.js HTTP/1.1" 304 - "http://localhost:8080/" "Mozilla/5.0 (Windows NT 10.0; Win64; x64) AppleWebKit/537.36 (KHTML, like Gecko) Chrome/63.0.3239.84 Safari/537.36"
::1 - - [30/Dec/2017:11:52:17 +0000] "GET /libs/angular-route/angular-route.min.js HTTP/1.1" 304 - "http://localhost:8080/" "Mozilla/5.0 (Windows NT 10.0; Win64; x64) AppleWebKit/537.36 (KHTML, like Gecko) Chrome/63.0.3239.84 Safari/537.36"
::1 - - [30/Dec/2017:11:52:17 +0000] "GET /libs/angular-paging/dist/paging.min.js HTTP/1.1" 304 - "http://localhost:8080/" "Mozilla/5.0 (Windows NT 10.0; Win64; x64) AppleWebKit/537.36 (KHTML, like Gecko) Chrome/63.0.3239.84 Safari/537.36"
::1 - - [30/Dec/2017:11:52:17 +0000] "GET /libs/angular-jk-carousel/dist/jk-carousel.min.js HTTP/1.1" 304 - "http://localhost:8080/" "Mozilla/5.0 (Windows NT 10.0; Win64; x64) AppleWebKit/537.36 (KHTML, like Gecko) Chrome/63.0.3239.84 Safari/537.36"
::1 - - [30/Dec/2017:11:52:17 +0000] "GET /libs/angular-animate/angular-animate.min.js HTTP/1.1" 304 - "http://localhost:8080/" "Mozilla/5.0 (Windows NT 10.0; Win64; x64) AppleWebKit/537.36 (KHTML, like Gecko) Chrome/63.0.3239.84 Safari/537.36"
::1 - - [30/Dec/2017:11:52:17 +0000] "GET /libs/angular-aria/angular-aria.min.js HTTP/1.1" 304 - "http://localhost:8080/" "Mozilla/5.0 (Windows NT 10.0; Win64; x64) AppleWebKit/537.36 (KHTML, like Gecko) Chrome/63.0.3239.84 Safari/537.36"
::1 - - [30/Dec/2017:11:52:17 +0000] "GET /libs/angular-messages/angular-messages.min.js HTTP/1.1" 304 - "http://localhost:8080/" "Mozilla/5.0 (Windows NT 10.0; Win64; x64) AppleWebKit/537.36 (KHTML, like Gecko) Chrome/63.0.3239.84 Safari/537.36"
::1 - - [30/Dec/2017:11:52:17 +0000] "GET /libs/ng-file-upload-shim/ng-file-upload-shim.min.js HTTP/1.1" 304 - "http://localhost:8080/" "Mozilla/5.0 (Windows NT 10.0; Win64; x64) AppleWebKit/537.36 (KHTML, like Gecko) Chrome/63.0.3239.84 Safari/537.36"
::1 - - [30/Dec/2017:11:52:17 +0000] "GET /libs/ng-file-upload/ng-file-upload.min.js HTTP/1.1" 304 - "http://localhost:8080/" "Mozilla/5.0 (Windows NT 10.0; Win64; x64) AppleWebKit/537.36 (KHTML, like Gecko) Chrome/63.0.3239.84 Safari/537.36"
::1 - - [30/Dec/2017:11:52:17 +0000] "GET /libs/angular-google-analytics/dist/angular-google-analytics.min.js HTTP/1.1" 304 - "http://localhost:8080/" "Mozilla/5.0 (Windows NT 10.0; Win64; x64) AppleWebKit/537.36 (KHTML, like Gecko) Chrome/63.0.3239.84 Safari/537.36"
::1 - - [30/Dec/2017:11:52:17 +0000] "GET /libs/angular-material/angular-material.min.js HTTP/1.1" 304 - "http://localhost:8080/" "Mozilla/5.0 (Windows NT 10.0; Win64; x64) AppleWebKit/537.36 (KHTML, like Gecko) Chrome/63.0.3239.84 Safari/537.36"
::1 - - [30/Dec/2017:11:52:17 +0000] "GET /libs/angular-flash-alert/dist/angular-flash.min.js HTTP/1.1" 304 - "http://localhost:8080/" "Mozilla/5.0 (Windows NT 10.0; Win64; x64) AppleWebKit/537.36 (KHTML, like Gecko) Chrome/63.0.3239.84 Safari/537.36"
::1 - - [30/Dec/2017:11:52:17 +0000] "GET /libs/jquery/dist/jquery.min.js HTTP/1.1" 304 - "http://localhost:8080/" "Mozilla/5.0 (Windows NT 10.0; Win64; x64) AppleWebKit/537.36 (KHTML, like Gecko) Chrome/63.0.3239.84 Safari/537.36"
::1 - - [30/Dec/2017:11:52:17 +0000] "GET /js/common/service.js HTTP/1.1" 304 - "http://localhost:8080/" "Mozilla/5.0 (Windows NT 10.0; Win64; x64) AppleWebKit/537.36 (KHTML, like Gecko) Chrome/63.0.3239.84 Safari/537.36"
::1 - - [30/Dec/2017:11:52:17 +0000] "GET /js/user/service.js HTTP/1.1" 304 - "http://localhost:8080/" "Mozilla/5.0 (Windows NT 10.0; Win64; x64) AppleWebKit/537.36 (KHTML, like Gecko) Chrome/63.0.3239.84 Safari/537.36"
::1 - - [30/Dec/2017:11:52:17 +0000] "GET /js/common/controller.js HTTP/1.1" 304 - "http://localhost:8080/" "Mozilla/5.0 (Windows NT 10.0; Win64; x64) AppleWebKit/537.36 (KHTML, like Gecko) Chrome/63.0.3239.84 Safari/537.36"
::1 - - [30/Dec/2017:11:52:17 +0000] "GET /js/user/controller.js HTTP/1.1" 304 - "http://localhost:8080/" "Mozilla/5.0 (Windows NT 10.0; Win64; x64) AppleWebKit/537.36 (KHTML, like Gecko) Chrome/63.0.3239.84 Safari/537.36"
::1 - - [30/Dec/2017:11:52:17 +0000] "GET /js/article/controller.js HTTP/1.1" 304 - "http://localhost:8080/" "Mozilla/5.0 (Windows NT 10.0; Win64; x64) AppleWebKit/537.36 (KHTML, like Gecko) Chrome/63.0.3239.84 Safari/537.36"
::1 - - [30/Dec/2017:11:52:17 +0000] "GET /js/article/service.js HTTP/1.1" 304 - "http://localhost:8080/" "Mozilla/5.0 (Windows NT 10.0; Win64; x64) AppleWebKit/537.36 (KHTML, like Gecko) Chrome/63.0.3239.84 Safari/537.36"
::1 - - [30/Dec/2017:11:52:17 +0000] "GET /js/app.js HTTP/1.1" 304 - "http://localhost:8080/" "Mozilla/5.0 (Windows NT 10.0; Win64; x64) AppleWebKit/537.36 (KHTML, like Gecko) Chrome/63.0.3239.84 Safari/537.36"
::1 - - [30/Dec/2017:11:52:17 +0000] "GET /js/routes.js HTTP/1.1" 304 - "http://localhost:8080/" "Mozilla/5.0 (Windows NT 10.0; Win64; x64) AppleWebKit/537.36 (KHTML, like Gecko) Chrome/63.0.3239.84 Safari/537.36"
::1 - - [30/Dec/2017:11:52:17 +0000] "GET /views/index.html HTTP/1.1" 304 - "http://localhost:8080/" "Mozilla/5.0 (Windows NT 10.0; Win64; x64) AppleWebKit/537.36 (KHTML, like Gecko) Chrome/63.0.3239.84 Safari/537.36"
::1 - - [30/Dec/2017:11:52:17 +0000] "GET /api/v1/users HTTP/1.1" 304 - "http://localhost:8080/" "Mozilla/5.0 (Windows NT 10.0; Win64; x64) AppleWebKit/537.36 (KHTML, like Gecko) Chrome/63.0.3239.84 Safari/537.36"
::1 - - [30/Dec/2017:11:52:17 +0000] "GET /views/partials/header.html HTTP/1.1" 304 - "http://localhost:8080/" "Mozilla/5.0 (Windows NT 10.0; Win64; x64) AppleWebKit/537.36 (KHTML, like Gecko) Chrome/63.0.3239.84 Safari/537.36"
::1 - - [30/Dec/2017:11:52:17 +0000] "GET /views/partials/forms/searchform.html HTTP/1.1" 304 - "http://localhost:8080/" "Mozilla/5.0 (Windows NT 10.0; Win64; x64) AppleWebKit/537.36 (KHTML, like Gecko) Chrome/63.0.3239.84 Safari/537.36"
::1 - - [30/Dec/2017:11:52:17 +0000] "GET /views/partials/footer.html HTTP/1.1" 304 - "http://localhost:8080/" "Mozilla/5.0 (Windows NT 10.0; Win64; x64) AppleWebKit/537.36 (KHTML, like Gecko) Chrome/63.0.3239.84 Safari/537.36"
::1 - - [30/Dec/2017:11:52:17 +0000] "GET /api/v1/users HTTP/1.1" 304 - "http://localhost:8080/" "Mozilla/5.0 (Windows NT 10.0; Win64; x64) AppleWebKit/537.36 (KHTML, like Gecko) Chrome/63.0.3239.84 Safari/537.36"
::1 - - [30/Dec/2017:11:52:17 +0000] "GET /libs/components-font-awesome/fonts/fontawesome-webfont.woff2?v=4.7.0 HTTP/1.1" 304 - "http://localhost:8080/libs/components-font-awesome/css/font-awesome.min.css" "Mozilla/5.0 (Windows NT 10.0; Win64; x64) AppleWebKit/537.36 (KHTML, like Gecko) Chrome/63.0.3239.84 Safari/537.36"
::1 - - [30/Dec/2017:11:52:17 +0000] "GET /images/icon.png HTTP/1.1" 304 - "http://localhost:8080/" "Mozilla/5.0 (Windows NT 10.0; Win64; x64) AppleWebKit/537.36 (KHTML, like Gecko) Chrome/63.0.3239.84 Safari/537.36"
::1 - - [30/Dec/2017:11:52:17 +0000] "GET /fonts/glyphicons-halflings-regular.woff2 HTTP/1.1" 304 - "http://localhost:8080/css/bootstrap.min.css" "Mozilla/5.0 (Windows NT 10.0; Win64; x64) AppleWebKit/537.36 (KHTML, like Gecko) Chrome/63.0.3239.84 Safari/537.36"
::1 - - [30/Dec/2017:11:52:17 +0000] "GET /images/img-sprite.png HTTP/1.1" 304 - "http://localhost:8080/css/style.css" "Mozilla/5.0 (Windows NT 10.0; Win64; x64) AppleWebKit/537.36 (KHTML, like Gecko) Chrome/63.0.3239.84 Safari/537.36"
::1 - - [30/Dec/2017:11:52:18 +0000] "GET /views/login.html HTTP/1.1" 304 - "http://localhost:8080/login" "Mozilla/5.0 (Windows NT 10.0; Win64; x64) AppleWebKit/537.36 (KHTML, like Gecko) Chrome/63.0.3239.84 Safari/537.36"
::1 - - [30/Dec/2017:11:52:18 +0000] "GET /images/icon.png HTTP/1.1" 304 - "http://localhost:8080/login" "Mozilla/5.0 (Windows NT 10.0; Win64; x64) AppleWebKit/537.36 (KHTML, like Gecko) Chrome/63.0.3239.84 Safari/537.36"
::1 - - [30/Dec/2017:11:52:18 +0000] "GET /views/partials/forms/loginform.html HTTP/1.1" 304 - "http://localhost:8080/login" "Mozilla/5.0 (Windows NT 10.0; Win64; x64) AppleWebKit/537.36 (KHTML, like Gecko) Chrome/63.0.3239.84 Safari/537.36"
::1 - - [30/Dec/2017:11:52:18 +0000] "GET /images/user.png HTTP/1.1" 304 - "http://localhost:8080/css/style.css" "Mozilla/5.0 (Windows NT 10.0; Win64; x64) AppleWebKit/537.36 (KHTML, like Gecko) Chrome/63.0.3239.84 Safari/537.36"
::1 - - [30/Dec/2017:11:52:18 +0000] "GET /images/lock.png HTTP/1.1" 304 - "http://localhost:8080/css/style.css" "Mozilla/5.0 (Windows NT 10.0; Win64; x64) AppleWebKit/537.36 (KHTML, like Gecko) Chrome/63.0.3239.84 Safari/537.36"
::1 - - [30/Dec/2017:11:52:26 +0000] "POST /api/v1/login HTTP/1.1" 200 249 "http://localhost:8080/login" "Mozilla/5.0 (Windows NT 10.0; Win64; x64) AppleWebKit/537.36 (KHTML, like Gecko) Chrome/63.0.3239.84 Safari/537.36"
::1 - - [30/Dec/2017:11:52:26 +0000] "GET / HTTP/1.1" 304 - "http://localhost:8080/login" "Mozilla/5.0 (Windows NT 10.0; Win64; x64) AppleWebKit/537.36 (KHTML, like Gecko) Chrome/63.0.3239.84 Safari/537.36"
::1 - - [30/Dec/2017:11:52:26 +0000] "GET /css/bootstrap.min.css HTTP/1.1" 304 - "http://localhost:8080/" "Mozilla/5.0 (Windows NT 10.0; Win64; x64) AppleWebKit/537.36 (KHTML, like Gecko) Chrome/63.0.3239.84 Safari/537.36"
::1 - - [30/Dec/2017:11:52:26 +0000] "GET /libs/angular-jk-carousel/dist/jk-carousel.min.css HTTP/1.1" 304 - "http://localhost:8080/" "Mozilla/5.0 (Windows NT 10.0; Win64; x64) AppleWebKit/537.36 (KHTML, like Gecko) Chrome/63.0.3239.84 Safari/537.36"
::1 - - [30/Dec/2017:11:52:26 +0000] "GET /libs/angular-material/angular-material.min.css HTTP/1.1" 304 - "http://localhost:8080/" "Mozilla/5.0 (Windows NT 10.0; Win64; x64) AppleWebKit/537.36 (KHTML, like Gecko) Chrome/63.0.3239.84 Safari/537.36"
::1 - - [30/Dec/2017:11:52:26 +0000] "GET /css/style.css HTTP/1.1" 304 - "http://localhost:8080/" "Mozilla/5.0 (Windows NT 10.0; Win64; x64) AppleWebKit/537.36 (KHTML, like Gecko) Chrome/63.0.3239.84 Safari/537.36"
::1 - - [30/Dec/2017:11:52:26 +0000] "GET /libs/components-font-awesome/css/font-awesome.min.css HTTP/1.1" 304 - "http://localhost:8080/" "Mozilla/5.0 (Windows NT 10.0; Win64; x64) AppleWebKit/537.36 (KHTML, like Gecko) Chrome/63.0.3239.84 Safari/537.36"
::1 - - [30/Dec/2017:11:52:26 +0000] "GET /libs/angular/angular.min.js HTTP/1.1" 304 - "http://localhost:8080/" "Mozilla/5.0 (Windows NT 10.0; Win64; x64) AppleWebKit/537.36 (KHTML, like Gecko) Chrome/63.0.3239.84 Safari/537.36"
::1 - - [30/Dec/2017:11:52:26 +0000] "GET /libs/angular-route/angular-route.min.js HTTP/1.1" 304 - "http://localhost:8080/" "Mozilla/5.0 (Windows NT 10.0; Win64; x64) AppleWebKit/537.36 (KHTML, like Gecko) Chrome/63.0.3239.84 Safari/537.36"
::1 - - [30/Dec/2017:11:52:26 +0000] "GET /libs/angular-paging/dist/paging.min.js HTTP/1.1" 304 - "http://localhost:8080/" "Mozilla/5.0 (Windows NT 10.0; Win64; x64) AppleWebKit/537.36 (KHTML, like Gecko) Chrome/63.0.3239.84 Safari/537.36"
::1 - - [30/Dec/2017:11:52:26 +0000] "GET /libs/angular-jk-carousel/dist/jk-carousel.min.js HTTP/1.1" 304 - "http://localhost:8080/" "Mozilla/5.0 (Windows NT 10.0; Win64; x64) AppleWebKit/537.36 (KHTML, like Gecko) Chrome/63.0.3239.84 Safari/537.36"
::1 - - [30/Dec/2017:11:52:26 +0000] "GET /libs/angular-animate/angular-animate.min.js HTTP/1.1" 304 - "http://localhost:8080/" "Mozilla/5.0 (Windows NT 10.0; Win64; x64) AppleWebKit/537.36 (KHTML, like Gecko) Chrome/63.0.3239.84 Safari/537.36"
::1 - - [30/Dec/2017:11:52:26 +0000] "GET /libs/angular-aria/angular-aria.min.js HTTP/1.1" 304 - "http://localhost:8080/" "Mozilla/5.0 (Windows NT 10.0; Win64; x64) AppleWebKit/537.36 (KHTML, like Gecko) Chrome/63.0.3239.84 Safari/537.36"
::1 - - [30/Dec/2017:11:52:26 +0000] "GET /libs/ng-file-upload-shim/ng-file-upload-shim.min.js HTTP/1.1" 304 - "http://localhost:8080/" "Mozilla/5.0 (Windows NT 10.0; Win64; x64) AppleWebKit/537.36 (KHTML, like Gecko) Chrome/63.0.3239.84 Safari/537.36"
::1 - - [30/Dec/2017:11:52:26 +0000] "GET /libs/ng-file-upload/ng-file-upload.min.js HTTP/1.1" 304 - "http://localhost:8080/" "Mozilla/5.0 (Windows NT 10.0; Win64; x64) AppleWebKit/537.36 (KHTML, like Gecko) Chrome/63.0.3239.84 Safari/537.36"
::1 - - [30/Dec/2017:11:52:26 +0000] "GET /libs/angular-material/angular-material.min.js HTTP/1.1" 304 - "http://localhost:8080/" "Mozilla/5.0 (Windows NT 10.0; Win64; x64) AppleWebKit/537.36 (KHTML, like Gecko) Chrome/63.0.3239.84 Safari/537.36"
::1 - - [30/Dec/2017:11:52:26 +0000] "GET /libs/angular-google-analytics/dist/angular-google-analytics.min.js HTTP/1.1" 304 - "http://localhost:8080/" "Mozilla/5.0 (Windows NT 10.0; Win64; x64) AppleWebKit/537.36 (KHTML, like Gecko) Chrome/63.0.3239.84 Safari/537.36"
::1 - - [30/Dec/2017:11:52:26 +0000] "GET /libs/angular-messages/angular-messages.min.js HTTP/1.1" 304 - "http://localhost:8080/" "Mozilla/5.0 (Windows NT 10.0; Win64; x64) AppleWebKit/537.36 (KHTML, like Gecko) Chrome/63.0.3239.84 Safari/537.36"
::1 - - [30/Dec/2017:11:52:26 +0000] "GET /libs/angular-flash-alert/dist/angular-flash.min.js HTTP/1.1" 304 - "http://localhost:8080/" "Mozilla/5.0 (Windows NT 10.0; Win64; x64) AppleWebKit/537.36 (KHTML, like Gecko) Chrome/63.0.3239.84 Safari/537.36"
::1 - - [30/Dec/2017:11:52:26 +0000] "GET /js/common/service.js HTTP/1.1" 304 - "http://localhost:8080/" "Mozilla/5.0 (Windows NT 10.0; Win64; x64) AppleWebKit/537.36 (KHTML, like Gecko) Chrome/63.0.3239.84 Safari/537.36"
::1 - - [30/Dec/2017:11:52:26 +0000] "GET /libs/jquery/dist/jquery.min.js HTTP/1.1" 304 - "http://localhost:8080/" "Mozilla/5.0 (Windows NT 10.0; Win64; x64) AppleWebKit/537.36 (KHTML, like Gecko) Chrome/63.0.3239.84 Safari/537.36"
::1 - - [30/Dec/2017:11:52:26 +0000] "GET /js/common/controller.js HTTP/1.1" 304 - "http://localhost:8080/" "Mozilla/5.0 (Windows NT 10.0; Win64; x64) AppleWebKit/537.36 (KHTML, like Gecko) Chrome/63.0.3239.84 Safari/537.36"
::1 - - [30/Dec/2017:11:52:26 +0000] "GET /js/user/service.js HTTP/1.1" 304 - "http://localhost:8080/" "Mozilla/5.0 (Windows NT 10.0; Win64; x64) AppleWebKit/537.36 (KHTML, like Gecko) Chrome/63.0.3239.84 Safari/537.36"
::1 - - [30/Dec/2017:11:52:26 +0000] "GET /js/article/controller.js HTTP/1.1" 304 - "http://localhost:8080/" "Mozilla/5.0 (Windows NT 10.0; Win64; x64) AppleWebKit/537.36 (KHTML, like Gecko) Chrome/63.0.3239.84 Safari/537.36"
::1 - - [30/Dec/2017:11:52:26 +0000] "GET /js/user/controller.js HTTP/1.1" 304 - "http://localhost:8080/" "Mozilla/5.0 (Windows NT 10.0; Win64; x64) AppleWebKit/537.36 (KHTML, like Gecko) Chrome/63.0.3239.84 Safari/537.36"
::1 - - [30/Dec/2017:11:52:26 +0000] "GET /js/article/service.js HTTP/1.1" 304 - "http://localhost:8080/" "Mozilla/5.0 (Windows NT 10.0; Win64; x64) AppleWebKit/537.36 (KHTML, like Gecko) Chrome/63.0.3239.84 Safari/537.36"
::1 - - [30/Dec/2017:11:52:26 +0000] "GET /js/routes.js HTTP/1.1" 304 - "http://localhost:8080/" "Mozilla/5.0 (Windows NT 10.0; Win64; x64) AppleWebKit/537.36 (KHTML, like Gecko) Chrome/63.0.3239.84 Safari/537.36"
::1 - - [30/Dec/2017:11:52:26 +0000] "GET /js/app.js HTTP/1.1" 304 - "http://localhost:8080/" "Mozilla/5.0 (Windows NT 10.0; Win64; x64) AppleWebKit/537.36 (KHTML, like Gecko) Chrome/63.0.3239.84 Safari/537.36"
::1 - - [30/Dec/2017:11:52:26 +0000] "GET /views/index.html HTTP/1.1" 304 - "http://localhost:8080/" "Mozilla/5.0 (Windows NT 10.0; Win64; x64) AppleWebKit/537.36 (KHTML, like Gecko) Chrome/63.0.3239.84 Safari/537.36"
::1 - - [30/Dec/2017:11:52:26 +0000] "GET /api/v1/users HTTP/1.1" 304 - "http://localhost:8080/" "Mozilla/5.0 (Windows NT 10.0; Win64; x64) AppleWebKit/537.36 (KHTML, like Gecko) Chrome/63.0.3239.84 Safari/537.36"
::1 - - [30/Dec/2017:11:52:26 +0000] "GET /views/partials/forms/searchform.html HTTP/1.1" 304 - "http://localhost:8080/" "Mozilla/5.0 (Windows NT 10.0; Win64; x64) AppleWebKit/537.36 (KHTML, like Gecko) Chrome/63.0.3239.84 Safari/537.36"
::1 - - [30/Dec/2017:11:52:26 +0000] "GET /views/partials/header.html HTTP/1.1" 304 - "http://localhost:8080/" "Mozilla/5.0 (Windows NT 10.0; Win64; x64) AppleWebKit/537.36 (KHTML, like Gecko) Chrome/63.0.3239.84 Safari/537.36"
::1 - - [30/Dec/2017:11:52:26 +0000] "GET /views/partials/footer.html HTTP/1.1" 304 - "http://localhost:8080/" "Mozilla/5.0 (Windows NT 10.0; Win64; x64) AppleWebKit/537.36 (KHTML, like Gecko) Chrome/63.0.3239.84 Safari/537.36"
::1 - - [30/Dec/2017:11:52:26 +0000] "GET /api/v1/users HTTP/1.1" 304 - "http://localhost:8080/" "Mozilla/5.0 (Windows NT 10.0; Win64; x64) AppleWebKit/537.36 (KHTML, like Gecko) Chrome/63.0.3239.84 Safari/537.36"
::1 - - [30/Dec/2017:11:52:26 +0000] "GET /libs/components-font-awesome/fonts/fontawesome-webfont.woff2?v=4.7.0 HTTP/1.1" 304 - "http://localhost:8080/libs/components-font-awesome/css/font-awesome.min.css" "Mozilla/5.0 (Windows NT 10.0; Win64; x64) AppleWebKit/537.36 (KHTML, like Gecko) Chrome/63.0.3239.84 Safari/537.36"
::1 - - [30/Dec/2017:11:52:26 +0000] "GET /images/icon.png HTTP/1.1" 304 - "http://localhost:8080/" "Mozilla/5.0 (Windows NT 10.0; Win64; x64) AppleWebKit/537.36 (KHTML, like Gecko) Chrome/63.0.3239.84 Safari/537.36"
::1 - - [30/Dec/2017:11:52:26 +0000] "GET /fonts/glyphicons-halflings-regular.woff2 HTTP/1.1" 304 - "http://localhost:8080/css/bootstrap.min.css" "Mozilla/5.0 (Windows NT 10.0; Win64; x64) AppleWebKit/537.36 (KHTML, like Gecko) Chrome/63.0.3239.84 Safari/537.36"
::1 - - [30/Dec/2017:11:52:26 +0000] "GET /images/img-sprite.png HTTP/1.1" 304 - "http://localhost:8080/css/style.css" "Mozilla/5.0 (Windows NT 10.0; Win64; x64) AppleWebKit/537.36 (KHTML, like Gecko) Chrome/63.0.3239.84 Safari/537.36"
::1 - - [30/Dec/2017:11:52:35 +0000] "GET /images/icon.png HTTP/1.1" 304 - "http://localhost:8080/boutiques/MyTEK" "Mozilla/5.0 (Windows NT 10.0; Win64; x64) AppleWebKit/537.36 (KHTML, like Gecko) Chrome/63.0.3239.84 Safari/537.36"
::1 - - [30/Dec/2017:11:52:35 +0000] "GET /views/boutiques.html HTTP/1.1" 200 - "http://localhost:8080/boutiques/MyTEK" "Mozilla/5.0 (Windows NT 10.0; Win64; x64) AppleWebKit/537.36 (KHTML, like Gecko) Chrome/63.0.3239.84 Safari/537.36"
::1 - - [30/Dec/2017:11:52:35 +0000] "GET /api/v1/articles/boutiques/MyTEK/1 HTTP/1.1" 200 30 "http://localhost:8080/boutiques/MyTEK" "Mozilla/5.0 (Windows NT 10.0; Win64; x64) AppleWebKit/537.36 (KHTML, like Gecko) Chrome/63.0.3239.84 Safari/537.36"
::1 - - [30/Dec/2017:11:52:35 +0000] "GET /views/partials/banner.html HTTP/1.1" 304 - "http://localhost:8080/boutiques/MyTEK" "Mozilla/5.0 (Windows NT 10.0; Win64; x64) AppleWebKit/537.36 (KHTML, like Gecko) Chrome/63.0.3239.84 Safari/537.36"
::1 - - [30/Dec/2017:11:52:35 +0000] "GET /images/%7B%7Barticle.photo_principale%7D%7D HTTP/1.1" 304 - "http://localhost:8080/boutiques/MyTEK" "Mozilla/5.0 (Windows NT 10.0; Win64; x64) AppleWebKit/537.36 (KHTML, like Gecko) Chrome/63.0.3239.84 Safari/537.36"
::1 - - [30/Dec/2017:11:52:35 +0000] "GET /images/banner.jpg HTTP/1.1" 304 - "http://localhost:8080/css/style.css" "Mozilla/5.0 (Windows NT 10.0; Win64; x64) AppleWebKit/537.36 (KHTML, like Gecko) Chrome/63.0.3239.84 Safari/537.36"
::1 - - [30/Dec/2017:11:52:40 +0000] "GET /api/v1/users HTTP/1.1" 304 - "http://localhost:8080/" "Mozilla/5.0 (Windows NT 10.0; Win64; x64) AppleWebKit/537.36 (KHTML, like Gecko) Chrome/63.0.3239.84 Safari/537.36"
::1 - - [30/Dec/2017:11:52:40 +0000] "GET /api/v1/users HTTP/1.1" 304 - "http://localhost:8080/" "Mozilla/5.0 (Windows NT 10.0; Win64; x64) AppleWebKit/537.36 (KHTML, like Gecko) Chrome/63.0.3239.84 Safari/537.36"
::1 - - [30/Dec/2017:11:52:40 +0000] "GET /images/icon.png HTTP/1.1" 304 - "http://localhost:8080/" "Mozilla/5.0 (Windows NT 10.0; Win64; x64) AppleWebKit/537.36 (KHTML, like Gecko) Chrome/63.0.3239.84 Safari/537.36"
::1 - - [30/Dec/2017:11:52:46 +0000] "GET /images/icon.png HTTP/1.1" 304 - "http://localhost:8080/categories/Informatique" "Mozilla/5.0 (Windows NT 10.0; Win64; x64) AppleWebKit/537.36 (KHTML, like Gecko) Chrome/63.0.3239.84 Safari/537.36"
::1 - - [30/Dec/2017:11:52:46 +0000] "GET /views/categories.html HTTP/1.1" 304 - "http://localhost:8080/categories/Informatique" "Mozilla/5.0 (Windows NT 10.0; Win64; x64) AppleWebKit/537.36 (KHTML, like Gecko) Chrome/63.0.3239.84 Safari/537.36"
::1 - - [30/Dec/2017:11:52:46 +0000] "GET /api/v1/articles/categories/Informatique/1 HTTP/1.1" 200 30 "http://localhost:8080/categories/Informatique" "Mozilla/5.0 (Windows NT 10.0; Win64; x64) AppleWebKit/537.36 (KHTML, like Gecko) Chrome/63.0.3239.84 Safari/537.36"
::1 - - [30/Dec/2017:11:52:46 +0000] "GET /images/%7B%7Barticle.photo_principale%7D%7D HTTP/1.1" 304 - "http://localhost:8080/categories/Informatique" "Mozilla/5.0 (Windows NT 10.0; Win64; x64) AppleWebKit/537.36 (KHTML, like Gecko) Chrome/63.0.3239.84 Safari/537.36"
::1 - - [30/Dec/2017:11:52:49 +0000] "GET /api/v1/users HTTP/1.1" 304 - "http://localhost:8080/" "Mozilla/5.0 (Windows NT 10.0; Win64; x64) AppleWebKit/537.36 (KHTML, like Gecko) Chrome/63.0.3239.84 Safari/537.36"
::1 - - [30/Dec/2017:11:52:49 +0000] "GET /api/v1/users HTTP/1.1" 304 - "http://localhost:8080/" "Mozilla/5.0 (Windows NT 10.0; Win64; x64) AppleWebKit/537.36 (KHTML, like Gecko) Chrome/63.0.3239.84 Safari/537.36"
::1 - - [30/Dec/2017:11:52:49 +0000] "GET /images/icon.png HTTP/1.1" 304 - "http://localhost:8080/" "Mozilla/5.0 (Windows NT 10.0; Win64; x64) AppleWebKit/537.36 (KHTML, like Gecko) Chrome/63.0.3239.84 Safari/537.36"
::1 - - [30/Dec/2017:11:52:50 +0000] "GET /api/v1/articles/categories/Consoles%20&%20Jeux%20vid%C3%A9o/1 HTTP/1.1" 304 - "http://localhost:8080/categories/Consoles%20&%20Jeux%20vid%C3%A9o" "Mozilla/5.0 (Windows NT 10.0; Win64; x64) AppleWebKit/537.36 (KHTML, like Gecko) Chrome/63.0.3239.84 Safari/537.36"
::1 - - [30/Dec/2017:11:52:50 +0000] "GET /images/%7B%7Barticle.photo_principale%7D%7D HTTP/1.1" 304 - "http://localhost:8080/categories/Consoles%20&%20Jeux%20vid%C3%A9o" "Mozilla/5.0 (Windows NT 10.0; Win64; x64) AppleWebKit/537.36 (KHTML, like Gecko) Chrome/63.0.3239.84 Safari/537.36"
::1 - - [30/Dec/2017:11:52:50 +0000] "GET /images/icon.png HTTP/1.1" 304 - "http://localhost:8080/categories/Consoles%20&%20Jeux%20vid%C3%A9o" "Mozilla/5.0 (Windows NT 10.0; Win64; x64) AppleWebKit/537.36 (KHTML, like Gecko) Chrome/63.0.3239.84 Safari/537.36"
::1 - - [30/Dec/2017:11:52:50 +0000] "GET /images/1514474413516console-de-jeux-xbox-one-s-jeux-forza-horizon-3%20(1).jpg HTTP/1.1" 304 - "http://localhost:8080/categories/Consoles%20&%20Jeux%20vid%C3%A9o" "Mozilla/5.0 (Windows NT 10.0; Win64; x64) AppleWebKit/537.36 (KHTML, like Gecko) Chrome/63.0.3239.84 Safari/537.36"
::1 - - [30/Dec/2017:11:52:52 +0000] "GET /views/article.html HTTP/1.1" 304 - "http://localhost:8080/article/5a450bad23515b02cc20523d" "Mozilla/5.0 (Windows NT 10.0; Win64; x64) AppleWebKit/537.36 (KHTML, like Gecko) Chrome/63.0.3239.84 Safari/537.36"
::1 - - [30/Dec/2017:11:52:52 +0000] "GET /images/icon.png HTTP/1.1" 304 - "http://localhost:8080/article/5a450bad23515b02cc20523d" "Mozilla/5.0 (Windows NT 10.0; Win64; x64) AppleWebKit/537.36 (KHTML, like Gecko) Chrome/63.0.3239.84 Safari/537.36"
::1 - - [30/Dec/2017:11:52:52 +0000] "GET /api/v1/articles/single/5a450bad23515b02cc20523d HTTP/1.1" 200 - "http://localhost:8080/article/5a450bad23515b02cc20523d" "Mozilla/5.0 (Windows NT 10.0; Win64; x64) AppleWebKit/537.36 (KHTML, like Gecko) Chrome/63.0.3239.84 Safari/537.36"
::1 - - [30/Dec/2017:11:52:52 +0000] "GET /views/partials/silder.html HTTP/1.1" 304 - "http://localhost:8080/article/5a450bad23515b02cc20523d" "Mozilla/5.0 (Windows NT 10.0; Win64; x64) AppleWebKit/537.36 (KHTML, like Gecko) Chrome/63.0.3239.84 Safari/537.36"
::1 - - [30/Dec/2017:11:52:52 +0000] "GET /images/1514474413517console-de-jeux-xbox-one-s-jeux-forza-horizon-3.jpg HTTP/1.1" 200 28387 "http://localhost:8080/article/5a450bad23515b02cc20523d" "Mozilla/5.0 (Windows NT 10.0; Win64; x64) AppleWebKit/537.36 (KHTML, like Gecko) Chrome/63.0.3239.84 Safari/537.36"
::1 - - [30/Dec/2017:11:52:57 +0000] "GET /views/panier.html HTTP/1.1" 304 - "http://localhost:8080/panier" "Mozilla/5.0 (Windows NT 10.0; Win64; x64) AppleWebKit/537.36 (KHTML, like Gecko) Chrome/63.0.3239.84 Safari/537.36"
::1 - - [30/Dec/2017:11:52:57 +0000] "GET /images/icon.png HTTP/1.1" 304 - "http://localhost:8080/panier" "Mozilla/5.0 (Windows NT 10.0; Win64; x64) AppleWebKit/537.36 (KHTML, like Gecko) Chrome/63.0.3239.84 Safari/537.36"
::1 - - [30/Dec/2017:11:53:21 +0000] "GET /api/v1/articles/single/5a450bad23515b02cc20523d HTTP/1.1" 304 - "http://localhost:8080/article/5a450bad23515b02cc20523d" "Mozilla/5.0 (Windows NT 10.0; Win64; x64) AppleWebKit/537.36 (KHTML, like Gecko) Chrome/63.0.3239.84 Safari/537.36"
::1 - - [30/Dec/2017:11:53:22 +0000] "GET /images/icon.png HTTP/1.1" 304 - "http://localhost:8080/article/5a450bad23515b02cc20523d" "Mozilla/5.0 (Windows NT 10.0; Win64; x64) AppleWebKit/537.36 (KHTML, like Gecko) Chrome/63.0.3239.84 Safari/537.36"
::1 - - [30/Dec/2017:11:53:36 +0000] "GET /views/articles.html HTTP/1.1" 304 - "http://localhost:8080/articles" "Mozilla/5.0 (Windows NT 10.0; Win64; x64) AppleWebKit/537.36 (KHTML, like Gecko) Chrome/63.0.3239.84 Safari/537.36"
::1 - - [30/Dec/2017:11:53:36 +0000] "GET /images/icon.png HTTP/1.1" 304 - "http://localhost:8080/articles" "Mozilla/5.0 (Windows NT 10.0; Win64; x64) AppleWebKit/537.36 (KHTML, like Gecko) Chrome/63.0.3239.84 Safari/537.36"
::1 - - [30/Dec/2017:11:53:36 +0000] "GET /api/v1/articles/1 HTTP/1.1" 200 - "http://localhost:8080/articles" "Mozilla/5.0 (Windows NT 10.0; Win64; x64) AppleWebKit/537.36 (KHTML, like Gecko) Chrome/63.0.3239.84 Safari/537.36"
::1 - - [30/Dec/2017:11:53:36 +0000] "GET /images/%7B%7Barticle.photo_principale%7D%7D HTTP/1.1" 304 - "http://localhost:8080/articles" "Mozilla/5.0 (Windows NT 10.0; Win64; x64) AppleWebKit/537.36 (KHTML, like Gecko) Chrome/63.0.3239.84 Safari/537.36"
::1 - - [30/Dec/2017:11:53:36 +0000] "GET /images/1514469930039smartphone-versus-v400-3g-blanc.jpg HTTP/1.1" 304 - "http://localhost:8080/articles" "Mozilla/5.0 (Windows NT 10.0; Win64; x64) AppleWebKit/537.36 (KHTML, like Gecko) Chrome/63.0.3239.84 Safari/537.36"
::1 - - [30/Dec/2017:11:53:36 +0000] "GET /images/1514471085656sega-genesis-ultimate-portable-80-jeux-16-bits-integres%20(1).jpg HTTP/1.1" 304 - "http://localhost:8080/articles" "Mozilla/5.0 (Windows NT 10.0; Win64; x64) AppleWebKit/537.36 (KHTML, like Gecko) Chrome/63.0.3239.84 Safari/537.36"
::1 - - [30/Dec/2017:11:53:36 +0000] "GET /images/1514469930036smartphone-versus-v400-3g-blanc.jpg HTTP/1.1" 304 - "http://localhost:8080/articles" "Mozilla/5.0 (Windows NT 10.0; Win64; x64) AppleWebKit/537.36 (KHTML, like Gecko) Chrome/63.0.3239.84 Safari/537.36"
::1 - - [30/Dec/2017:11:53:41 +0000] "POST /api/v1/articles/search HTTP/1.1" 200 - "http://localhost:8080/articles" "Mozilla/5.0 (Windows NT 10.0; Win64; x64) AppleWebKit/537.36 (KHTML, like Gecko) Chrome/63.0.3239.84 Safari/537.36"
::1 - - [30/Dec/2017:11:53:47 +0000] "POST /api/v1/articles/search HTTP/1.1" 200 - "http://localhost:8080/articles" "Mozilla/5.0 (Windows NT 10.0; Win64; x64) AppleWebKit/537.36 (KHTML, like Gecko) Chrome/63.0.3239.84 Safari/537.36"
::1 - - [30/Dec/2017:11:53:53 +0000] "POST /api/v1/articles/search HTTP/1.1" 200 30 "http://localhost:8080/articles" "Mozilla/5.0 (Windows NT 10.0; Win64; x64) AppleWebKit/537.36 (KHTML, like Gecko) Chrome/63.0.3239.84 Safari/537.36"
::1 - - [30/Dec/2017:20:13:29 +0000] "GET /views/enregistrer.html HTTP/1.1" 304 - "http://localhost:8080/enregistrer" "Mozilla/5.0 (Windows NT 10.0; Win64; x64) AppleWebKit/537.36 (KHTML, like Gecko) Chrome/63.0.3239.84 Safari/537.36"
::1 - - [30/Dec/2017:20:13:29 +0000] "GET /images/icon.png HTTP/1.1" 304 - "http://localhost:8080/enregistrer" "Mozilla/5.0 (Windows NT 10.0; Win64; x64) AppleWebKit/537.36 (KHTML, like Gecko) Chrome/63.0.3239.84 Safari/537.36"
::1 - - [30/Dec/2017:20:13:31 +0000] "GET /api/v1/articles/1 HTTP/1.1" 304 - "http://localhost:8080/articles" "Mozilla/5.0 (Windows NT 10.0; Win64; x64) AppleWebKit/537.36 (KHTML, like Gecko) Chrome/63.0.3239.84 Safari/537.36"
::1 - - [30/Dec/2017:20:13:31 +0000] "GET /images/%7B%7Barticle.photo_principale%7D%7D HTTP/1.1" 304 - "http://localhost:8080/articles" "Mozilla/5.0 (Windows NT 10.0; Win64; x64) AppleWebKit/537.36 (KHTML, like Gecko) Chrome/63.0.3239.84 Safari/537.36"
::1 - - [30/Dec/2017:20:13:31 +0000] "GET /images/icon.png HTTP/1.1" 304 - "http://localhost:8080/articles" "Mozilla/5.0 (Windows NT 10.0; Win64; x64) AppleWebKit/537.36 (KHTML, like Gecko) Chrome/63.0.3239.84 Safari/537.36"
::1 - - [30/Dec/2017:20:13:31 +0000] "GET /images/1514469930036smartphone-versus-v400-3g-blanc.jpg HTTP/1.1" 304 - "http://localhost:8080/articles" "Mozilla/5.0 (Windows NT 10.0; Win64; x64) AppleWebKit/537.36 (KHTML, like Gecko) Chrome/63.0.3239.84 Safari/537.36"
::1 - - [30/Dec/2017:20:13:31 +0000] "GET /images/1514469930039smartphone-versus-v400-3g-blanc.jpg HTTP/1.1" 304 - "http://localhost:8080/articles" "Mozilla/5.0 (Windows NT 10.0; Win64; x64) AppleWebKit/537.36 (KHTML, like Gecko) Chrome/63.0.3239.84 Safari/537.36"
::1 - - [30/Dec/2017:20:13:31 +0000] "GET /images/1514471085656sega-genesis-ultimate-portable-80-jeux-16-bits-integres%20(1).jpg HTTP/1.1" 304 - "http://localhost:8080/articles" "Mozilla/5.0 (Windows NT 10.0; Win64; x64) AppleWebKit/537.36 (KHTML, like Gecko) Chrome/63.0.3239.84 Safari/537.36"
::1 - - [30/Dec/2017:20:16:51 +0000] "GET / HTTP/1.1" 304 - "http://localhost:8080/articles" "Mozilla/5.0 (Windows NT 10.0; Win64; x64) AppleWebKit/537.36 (KHTML, like Gecko) Chrome/63.0.3239.84 Safari/537.36"
::1 - - [30/Dec/2017:20:16:51 +0000] "GET /css/bootstrap.min.css HTTP/1.1" 304 - "http://localhost:8080/" "Mozilla/5.0 (Windows NT 10.0; Win64; x64) AppleWebKit/537.36 (KHTML, like Gecko) Chrome/63.0.3239.84 Safari/537.36"
::1 - - [30/Dec/2017:20:16:51 +0000] "GET /libs/angular-material/angular-material.min.css HTTP/1.1" 304 - "http://localhost:8080/" "Mozilla/5.0 (Windows NT 10.0; Win64; x64) AppleWebKit/537.36 (KHTML, like Gecko) Chrome/63.0.3239.84 Safari/537.36"
::1 - - [30/Dec/2017:20:16:51 +0000] "GET /libs/angular-jk-carousel/dist/jk-carousel.min.css HTTP/1.1" 304 - "http://localhost:8080/" "Mozilla/5.0 (Windows NT 10.0; Win64; x64) AppleWebKit/537.36 (KHTML, like Gecko) Chrome/63.0.3239.84 Safari/537.36"
::1 - - [30/Dec/2017:20:16:51 +0000] "GET /css/style.css HTTP/1.1" 304 - "http://localhost:8080/" "Mozilla/5.0 (Windows NT 10.0; Win64; x64) AppleWebKit/537.36 (KHTML, like Gecko) Chrome/63.0.3239.84 Safari/537.36"
::1 - - [30/Dec/2017:20:16:51 +0000] "GET /libs/components-font-awesome/css/font-awesome.min.css HTTP/1.1" 304 - "http://localhost:8080/" "Mozilla/5.0 (Windows NT 10.0; Win64; x64) AppleWebKit/537.36 (KHTML, like Gecko) Chrome/63.0.3239.84 Safari/537.36"
::1 - - [30/Dec/2017:20:16:51 +0000] "GET /libs/angular/angular.min.js HTTP/1.1" 304 - "http://localhost:8080/" "Mozilla/5.0 (Windows NT 10.0; Win64; x64) AppleWebKit/537.36 (KHTML, like Gecko) Chrome/63.0.3239.84 Safari/537.36"
::1 - - [30/Dec/2017:20:16:51 +0000] "GET /libs/angular-jk-carousel/dist/jk-carousel.min.js HTTP/1.1" 304 - "http://localhost:8080/" "Mozilla/5.0 (Windows NT 10.0; Win64; x64) AppleWebKit/537.36 (KHTML, like Gecko) Chrome/63.0.3239.84 Safari/537.36"
::1 - - [30/Dec/2017:20:16:51 +0000] "GET /libs/angular-route/angular-route.min.js HTTP/1.1" 304 - "http://localhost:8080/" "Mozilla/5.0 (Windows NT 10.0; Win64; x64) AppleWebKit/537.36 (KHTML, like Gecko) Chrome/63.0.3239.84 Safari/537.36"
::1 - - [30/Dec/2017:20:16:51 +0000] "GET /libs/angular-animate/angular-animate.min.js HTTP/1.1" 304 - "http://localhost:8080/" "Mozilla/5.0 (Windows NT 10.0; Win64; x64) AppleWebKit/537.36 (KHTML, like Gecko) Chrome/63.0.3239.84 Safari/537.36"
::1 - - [30/Dec/2017:20:16:51 +0000] "GET /libs/angular-paging/dist/paging.min.js HTTP/1.1" 304 - "http://localhost:8080/" "Mozilla/5.0 (Windows NT 10.0; Win64; x64) AppleWebKit/537.36 (KHTML, like Gecko) Chrome/63.0.3239.84 Safari/537.36"
::1 - - [30/Dec/2017:20:16:51 +0000] "GET /libs/angular-aria/angular-aria.min.js HTTP/1.1" 304 - "http://localhost:8080/" "Mozilla/5.0 (Windows NT 10.0; Win64; x64) AppleWebKit/537.36 (KHTML, like Gecko) Chrome/63.0.3239.84 Safari/537.36"
::1 - - [30/Dec/2017:20:16:51 +0000] "GET /libs/angular-messages/angular-messages.min.js HTTP/1.1" 304 - "http://localhost:8080/" "Mozilla/5.0 (Windows NT 10.0; Win64; x64) AppleWebKit/537.36 (KHTML, like Gecko) Chrome/63.0.3239.84 Safari/537.36"
::1 - - [30/Dec/2017:20:16:51 +0000] "GET /libs/angular-material/angular-material.min.js HTTP/1.1" 304 - "http://localhost:8080/" "Mozilla/5.0 (Windows NT 10.0; Win64; x64) AppleWebKit/537.36 (KHTML, like Gecko) Chrome/63.0.3239.84 Safari/537.36"
::1 - - [30/Dec/2017:20:16:51 +0000] "GET /libs/ng-file-upload-shim/ng-file-upload-shim.min.js HTTP/1.1" 304 - "http://localhost:8080/" "Mozilla/5.0 (Windows NT 10.0; Win64; x64) AppleWebKit/537.36 (KHTML, like Gecko) Chrome/63.0.3239.84 Safari/537.36"
::1 - - [30/Dec/2017:20:16:51 +0000] "GET /libs/ng-file-upload/ng-file-upload.min.js HTTP/1.1" 304 - "http://localhost:8080/" "Mozilla/5.0 (Windows NT 10.0; Win64; x64) AppleWebKit/537.36 (KHTML, like Gecko) Chrome/63.0.3239.84 Safari/537.36"
::1 - - [30/Dec/2017:20:16:51 +0000] "GET /libs/angular-google-analytics/dist/angular-google-analytics.min.js HTTP/1.1" 304 - "http://localhost:8080/" "Mozilla/5.0 (Windows NT 10.0; Win64; x64) AppleWebKit/537.36 (KHTML, like Gecko) Chrome/63.0.3239.84 Safari/537.36"
::1 - - [30/Dec/2017:20:16:51 +0000] "GET /libs/angular-flash-alert/dist/angular-flash.min.js HTTP/1.1" 304 - "http://localhost:8080/" "Mozilla/5.0 (Windows NT 10.0; Win64; x64) AppleWebKit/537.36 (KHTML, like Gecko) Chrome/63.0.3239.84 Safari/537.36"
::1 - - [30/Dec/2017:20:16:51 +0000] "GET /libs/jquery/dist/jquery.min.js HTTP/1.1" 304 - "http://localhost:8080/" "Mozilla/5.0 (Windows NT 10.0; Win64; x64) AppleWebKit/537.36 (KHTML, like Gecko) Chrome/63.0.3239.84 Safari/537.36"
::1 - - [30/Dec/2017:20:16:51 +0000] "GET /js/user/service.js HTTP/1.1" 304 - "http://localhost:8080/" "Mozilla/5.0 (Windows NT 10.0; Win64; x64) AppleWebKit/537.36 (KHTML, like Gecko) Chrome/63.0.3239.84 Safari/537.36"
::1 - - [30/Dec/2017:20:16:51 +0000] "GET /js/common/service.js HTTP/1.1" 304 - "http://localhost:8080/" "Mozilla/5.0 (Windows NT 10.0; Win64; x64) AppleWebKit/537.36 (KHTML, like Gecko) Chrome/63.0.3239.84 Safari/537.36"
::1 - - [30/Dec/2017:20:16:51 +0000] "GET /js/user/controller.js HTTP/1.1" 304 - "http://localhost:8080/" "Mozilla/5.0 (Windows NT 10.0; Win64; x64) AppleWebKit/537.36 (KHTML, like Gecko) Chrome/63.0.3239.84 Safari/537.36"
::1 - - [30/Dec/2017:20:16:51 +0000] "GET /js/article/controller.js HTTP/1.1" 304 - "http://localhost:8080/" "Mozilla/5.0 (Windows NT 10.0; Win64; x64) AppleWebKit/537.36 (KHTML, like Gecko) Chrome/63.0.3239.84 Safari/537.36"
::1 - - [30/Dec/2017:20:16:51 +0000] "GET /js/article/service.js HTTP/1.1" 304 - "http://localhost:8080/" "Mozilla/5.0 (Windows NT 10.0; Win64; x64) AppleWebKit/537.36 (KHTML, like Gecko) Chrome/63.0.3239.84 Safari/537.36"
::1 - - [30/Dec/2017:20:16:51 +0000] "GET /js/routes.js HTTP/1.1" 304 - "http://localhost:8080/" "Mozilla/5.0 (Windows NT 10.0; Win64; x64) AppleWebKit/537.36 (KHTML, like Gecko) Chrome/63.0.3239.84 Safari/537.36"
::1 - - [30/Dec/2017:20:16:51 +0000] "GET /js/app.js HTTP/1.1" 304 - "http://localhost:8080/" "Mozilla/5.0 (Windows NT 10.0; Win64; x64) AppleWebKit/537.36 (KHTML, like Gecko) Chrome/63.0.3239.84 Safari/537.36"
::1 - - [30/Dec/2017:20:16:51 +0000] "GET /js/common/controller.js HTTP/1.1" 304 - "http://localhost:8080/" "Mozilla/5.0 (Windows NT 10.0; Win64; x64) AppleWebKit/537.36 (KHTML, like Gecko) Chrome/63.0.3239.84 Safari/537.36"
::1 - - [30/Dec/2017:20:16:51 +0000] "GET /images/icon.png HTTP/1.1" 304 - "http://localhost:8080/" "Mozilla/5.0 (Windows NT 10.0; Win64; x64) AppleWebKit/537.36 (KHTML, like Gecko) Chrome/63.0.3239.84 Safari/537.36"
::1 - - [30/Dec/2017:20:16:51 +0000] "GET /views/index.html HTTP/1.1" 304 - "http://localhost:8080/" "Mozilla/5.0 (Windows NT 10.0; Win64; x64) AppleWebKit/537.36 (KHTML, like Gecko) Chrome/63.0.3239.84 Safari/537.36"
::1 - - [30/Dec/2017:20:16:51 +0000] "GET /api/v1/users HTTP/1.1" 304 - "http://localhost:8080/" "Mozilla/5.0 (Windows NT 10.0; Win64; x64) AppleWebKit/537.36 (KHTML, like Gecko) Chrome/63.0.3239.84 Safari/537.36"
::1 - - [30/Dec/2017:20:16:51 +0000] "GET /api/v1/users HTTP/1.1" 304 - "http://localhost:8080/" "Mozilla/5.0 (Windows NT 10.0; Win64; x64) AppleWebKit/537.36 (KHTML, like Gecko) Chrome/63.0.3239.84 Safari/537.36"
::1 - - [30/Dec/2017:20:16:51 +0000] "GET /views/partials/footer.html HTTP/1.1" 304 - "http://localhost:8080/" "Mozilla/5.0 (Windows NT 10.0; Win64; x64) AppleWebKit/537.36 (KHTML, like Gecko) Chrome/63.0.3239.84 Safari/537.36"
::1 - - [30/Dec/2017:20:16:51 +0000] "GET /views/partials/forms/searchform.html HTTP/1.1" 304 - "http://localhost:8080/" "Mozilla/5.0 (Windows NT 10.0; Win64; x64) AppleWebKit/537.36 (KHTML, like Gecko) Chrome/63.0.3239.84 Safari/537.36"
::1 - - [30/Dec/2017:20:16:51 +0000] "GET /libs/components-font-awesome/fonts/fontawesome-webfont.woff2?v=4.7.0 HTTP/1.1" 304 - "http://localhost:8080/libs/components-font-awesome/css/font-awesome.min.css" "Mozilla/5.0 (Windows NT 10.0; Win64; x64) AppleWebKit/537.36 (KHTML, like Gecko) Chrome/63.0.3239.84 Safari/537.36"
::1 - - [30/Dec/2017:20:16:51 +0000] "GET /views/partials/header.html HTTP/1.1" 304 - "http://localhost:8080/" "Mozilla/5.0 (Windows NT 10.0; Win64; x64) AppleWebKit/537.36 (KHTML, like Gecko) Chrome/63.0.3239.84 Safari/537.36"
::1 - - [30/Dec/2017:20:16:51 +0000] "GET /fonts/glyphicons-halflings-regular.woff2 HTTP/1.1" 304 - "http://localhost:8080/css/bootstrap.min.css" "Mozilla/5.0 (Windows NT 10.0; Win64; x64) AppleWebKit/537.36 (KHTML, like Gecko) Chrome/63.0.3239.84 Safari/537.36"
::1 - - [30/Dec/2017:20:16:51 +0000] "GET /images/img-sprite.png HTTP/1.1" 304 - "http://localhost:8080/css/style.css" "Mozilla/5.0 (Windows NT 10.0; Win64; x64) AppleWebKit/537.36 (KHTML, like Gecko) Chrome/63.0.3239.84 Safari/537.36"
::1 - - [30/Dec/2017:20:36:02 +0000] "GET /views/login.html HTTP/1.1" 304 - "http://localhost:8080/login" "Mozilla/5.0 (Windows NT 10.0; Win64; x64) AppleWebKit/537.36 (KHTML, like Gecko) Chrome/63.0.3239.84 Safari/537.36"
::1 - - [30/Dec/2017:20:36:02 +0000] "GET /images/icon.png HTTP/1.1" 304 - "http://localhost:8080/login" "Mozilla/5.0 (Windows NT 10.0; Win64; x64) AppleWebKit/537.36 (KHTML, like Gecko) Chrome/63.0.3239.84 Safari/537.36"
::1 - - [30/Dec/2017:20:36:02 +0000] "GET /views/partials/forms/loginform.html HTTP/1.1" 304 - "http://localhost:8080/login" "Mozilla/5.0 (Windows NT 10.0; Win64; x64) AppleWebKit/537.36 (KHTML, like Gecko) Chrome/63.0.3239.84 Safari/537.36"
::1 - - [30/Dec/2017:20:36:02 +0000] "GET /images/user.png HTTP/1.1" 304 - "http://localhost:8080/css/style.css" "Mozilla/5.0 (Windows NT 10.0; Win64; x64) AppleWebKit/537.36 (KHTML, like Gecko) Chrome/63.0.3239.84 Safari/537.36"
::1 - - [30/Dec/2017:20:36:02 +0000] "GET /images/lock.png HTTP/1.1" 304 - "http://localhost:8080/css/style.css" "Mozilla/5.0 (Windows NT 10.0; Win64; x64) AppleWebKit/537.36 (KHTML, like Gecko) Chrome/63.0.3239.84 Safari/537.36"
::1 - - [30/Dec/2017:20:36:04 +0000] "POST /api/v1/login HTTP/1.1" 200 252 "http://localhost:8080/login" "Mozilla/5.0 (Windows NT 10.0; Win64; x64) AppleWebKit/537.36 (KHTML, like Gecko) Chrome/63.0.3239.84 Safari/537.36"
::1 - - [30/Dec/2017:20:36:04 +0000] "GET / HTTP/1.1" 304 - "http://localhost:8080/login" "Mozilla/5.0 (Windows NT 10.0; Win64; x64) AppleWebKit/537.36 (KHTML, like Gecko) Chrome/63.0.3239.84 Safari/537.36"
::1 - - [30/Dec/2017:20:36:04 +0000] "GET /css/bootstrap.min.css HTTP/1.1" 304 - "http://localhost:8080/" "Mozilla/5.0 (Windows NT 10.0; Win64; x64) AppleWebKit/537.36 (KHTML, like Gecko) Chrome/63.0.3239.84 Safari/537.36"
::1 - - [30/Dec/2017:20:36:04 +0000] "GET /libs/angular-jk-carousel/dist/jk-carousel.min.css HTTP/1.1" 304 - "http://localhost:8080/" "Mozilla/5.0 (Windows NT 10.0; Win64; x64) AppleWebKit/537.36 (KHTML, like Gecko) Chrome/63.0.3239.84 Safari/537.36"
::1 - - [30/Dec/2017:20:36:04 +0000] "GET /libs/angular-material/angular-material.min.css HTTP/1.1" 304 - "http://localhost:8080/" "Mozilla/5.0 (Windows NT 10.0; Win64; x64) AppleWebKit/537.36 (KHTML, like Gecko) Chrome/63.0.3239.84 Safari/537.36"
::1 - - [30/Dec/2017:20:36:04 +0000] "GET /css/style.css HTTP/1.1" 304 - "http://localhost:8080/" "Mozilla/5.0 (Windows NT 10.0; Win64; x64) AppleWebKit/537.36 (KHTML, like Gecko) Chrome/63.0.3239.84 Safari/537.36"
::1 - - [30/Dec/2017:20:36:04 +0000] "GET /libs/components-font-awesome/css/font-awesome.min.css HTTP/1.1" 304 - "http://localhost:8080/" "Mozilla/5.0 (Windows NT 10.0; Win64; x64) AppleWebKit/537.36 (KHTML, like Gecko) Chrome/63.0.3239.84 Safari/537.36"
::1 - - [30/Dec/2017:20:36:04 +0000] "GET /libs/angular/angular.min.js HTTP/1.1" 304 - "http://localhost:8080/" "Mozilla/5.0 (Windows NT 10.0; Win64; x64) AppleWebKit/537.36 (KHTML, like Gecko) Chrome/63.0.3239.84 Safari/537.36"
::1 - - [30/Dec/2017:20:36:04 +0000] "GET /libs/angular-route/angular-route.min.js HTTP/1.1" 304 - "http://localhost:8080/" "Mozilla/5.0 (Windows NT 10.0; Win64; x64) AppleWebKit/537.36 (KHTML, like Gecko) Chrome/63.0.3239.84 Safari/537.36"
::1 - - [30/Dec/2017:20:36:04 +0000] "GET /libs/angular-paging/dist/paging.min.js HTTP/1.1" 304 - "http://localhost:8080/" "Mozilla/5.0 (Windows NT 10.0; Win64; x64) AppleWebKit/537.36 (KHTML, like Gecko) Chrome/63.0.3239.84 Safari/537.36"
::1 - - [30/Dec/2017:20:36:04 +0000] "GET /libs/angular-jk-carousel/dist/jk-carousel.min.js HTTP/1.1" 304 - "http://localhost:8080/" "Mozilla/5.0 (Windows NT 10.0; Win64; x64) AppleWebKit/537.36 (KHTML, like Gecko) Chrome/63.0.3239.84 Safari/537.36"
::1 - - [30/Dec/2017:20:36:04 +0000] "GET /libs/angular-animate/angular-animate.min.js HTTP/1.1" 304 - "http://localhost:8080/" "Mozilla/5.0 (Windows NT 10.0; Win64; x64) AppleWebKit/537.36 (KHTML, like Gecko) Chrome/63.0.3239.84 Safari/537.36"
::1 - - [30/Dec/2017:20:36:04 +0000] "GET /libs/angular-aria/angular-aria.min.js HTTP/1.1" 304 - "http://localhost:8080/" "Mozilla/5.0 (Windows NT 10.0; Win64; x64) AppleWebKit/537.36 (KHTML, like Gecko) Chrome/63.0.3239.84 Safari/537.36"
::1 - - [30/Dec/2017:20:36:04 +0000] "GET /libs/angular-messages/angular-messages.min.js HTTP/1.1" 304 - "http://localhost:8080/" "Mozilla/5.0 (Windows NT 10.0; Win64; x64) AppleWebKit/537.36 (KHTML, like Gecko) Chrome/63.0.3239.84 Safari/537.36"
::1 - - [30/Dec/2017:20:36:04 +0000] "GET /libs/ng-file-upload/ng-file-upload.min.js HTTP/1.1" 304 - "http://localhost:8080/" "Mozilla/5.0 (Windows NT 10.0; Win64; x64) AppleWebKit/537.36 (KHTML, like Gecko) Chrome/63.0.3239.84 Safari/537.36"
::1 - - [30/Dec/2017:20:36:04 +0000] "GET /libs/ng-file-upload-shim/ng-file-upload-shim.min.js HTTP/1.1" 304 - "http://localhost:8080/" "Mozilla/5.0 (Windows NT 10.0; Win64; x64) AppleWebKit/537.36 (KHTML, like Gecko) Chrome/63.0.3239.84 Safari/537.36"
::1 - - [30/Dec/2017:20:36:04 +0000] "GET /libs/angular-google-analytics/dist/angular-google-analytics.min.js HTTP/1.1" 304 - "http://localhost:8080/" "Mozilla/5.0 (Windows NT 10.0; Win64; x64) AppleWebKit/537.36 (KHTML, like Gecko) Chrome/63.0.3239.84 Safari/537.36"
::1 - - [30/Dec/2017:20:36:04 +0000] "GET /libs/angular-material/angular-material.min.js HTTP/1.1" 304 - "http://localhost:8080/" "Mozilla/5.0 (Windows NT 10.0; Win64; x64) AppleWebKit/537.36 (KHTML, like Gecko) Chrome/63.0.3239.84 Safari/537.36"
::1 - - [30/Dec/2017:20:36:04 +0000] "GET /libs/angular-flash-alert/dist/angular-flash.min.js HTTP/1.1" 304 - "http://localhost:8080/" "Mozilla/5.0 (Windows NT 10.0; Win64; x64) AppleWebKit/537.36 (KHTML, like Gecko) Chrome/63.0.3239.84 Safari/537.36"
::1 - - [30/Dec/2017:20:36:04 +0000] "GET /libs/jquery/dist/jquery.min.js HTTP/1.1" 304 - "http://localhost:8080/" "Mozilla/5.0 (Windows NT 10.0; Win64; x64) AppleWebKit/537.36 (KHTML, like Gecko) Chrome/63.0.3239.84 Safari/537.36"
::1 - - [30/Dec/2017:20:36:04 +0000] "GET /js/common/service.js HTTP/1.1" 304 - "http://localhost:8080/" "Mozilla/5.0 (Windows NT 10.0; Win64; x64) AppleWebKit/537.36 (KHTML, like Gecko) Chrome/63.0.3239.84 Safari/537.36"
::1 - - [30/Dec/2017:20:36:04 +0000] "GET /js/user/service.js HTTP/1.1" 304 - "http://localhost:8080/" "Mozilla/5.0 (Windows NT 10.0; Win64; x64) AppleWebKit/537.36 (KHTML, like Gecko) Chrome/63.0.3239.84 Safari/537.36"
::1 - - [30/Dec/2017:20:36:04 +0000] "GET /js/user/controller.js HTTP/1.1" 304 - "http://localhost:8080/" "Mozilla/5.0 (Windows NT 10.0; Win64; x64) AppleWebKit/537.36 (KHTML, like Gecko) Chrome/63.0.3239.84 Safari/537.36"
::1 - - [30/Dec/2017:20:36:04 +0000] "GET /js/article/controller.js HTTP/1.1" 304 - "http://localhost:8080/" "Mozilla/5.0 (Windows NT 10.0; Win64; x64) AppleWebKit/537.36 (KHTML, like Gecko) Chrome/63.0.3239.84 Safari/537.36"
::1 - - [30/Dec/2017:20:36:04 +0000] "GET /js/article/service.js HTTP/1.1" 304 - "http://localhost:8080/" "Mozilla/5.0 (Windows NT 10.0; Win64; x64) AppleWebKit/537.36 (KHTML, like Gecko) Chrome/63.0.3239.84 Safari/537.36"
::1 - - [30/Dec/2017:20:36:04 +0000] "GET /js/common/controller.js HTTP/1.1" 304 - "http://localhost:8080/" "Mozilla/5.0 (Windows NT 10.0; Win64; x64) AppleWebKit/537.36 (KHTML, like Gecko) Chrome/63.0.3239.84 Safari/537.36"
::1 - - [30/Dec/2017:20:36:04 +0000] "GET /js/app.js HTTP/1.1" 304 - "http://localhost:8080/" "Mozilla/5.0 (Windows NT 10.0; Win64; x64) AppleWebKit/537.36 (KHTML, like Gecko) Chrome/63.0.3239.84 Safari/537.36"
::1 - - [30/Dec/2017:20:36:04 +0000] "GET /js/routes.js HTTP/1.1" 304 - "http://localhost:8080/" "Mozilla/5.0 (Windows NT 10.0; Win64; x64) AppleWebKit/537.36 (KHTML, like Gecko) Chrome/63.0.3239.84 Safari/537.36"
::1 - - [30/Dec/2017:20:36:04 +0000] "GET /views/index.html HTTP/1.1" 304 - "http://localhost:8080/" "Mozilla/5.0 (Windows NT 10.0; Win64; x64) AppleWebKit/537.36 (KHTML, like Gecko) Chrome/63.0.3239.84 Safari/537.36"
::1 - - [30/Dec/2017:20:36:04 +0000] "GET /api/v1/users HTTP/1.1" 304 - "http://localhost:8080/" "Mozilla/5.0 (Windows NT 10.0; Win64; x64) AppleWebKit/537.36 (KHTML, like Gecko) Chrome/63.0.3239.84 Safari/537.36"
::1 - - [30/Dec/2017:20:36:04 +0000] "GET /views/partials/header.html HTTP/1.1" 304 - "http://localhost:8080/" "Mozilla/5.0 (Windows NT 10.0; Win64; x64) AppleWebKit/537.36 (KHTML, like Gecko) Chrome/63.0.3239.84 Safari/537.36"
::1 - - [30/Dec/2017:20:36:04 +0000] "GET /views/partials/forms/searchform.html HTTP/1.1" 304 - "http://localhost:8080/" "Mozilla/5.0 (Windows NT 10.0; Win64; x64) AppleWebKit/537.36 (KHTML, like Gecko) Chrome/63.0.3239.84 Safari/537.36"
::1 - - [30/Dec/2017:20:36:04 +0000] "GET /views/partials/footer.html HTTP/1.1" 304 - "http://localhost:8080/" "Mozilla/5.0 (Windows NT 10.0; Win64; x64) AppleWebKit/537.36 (KHTML, like Gecko) Chrome/63.0.3239.84 Safari/537.36"
::1 - - [30/Dec/2017:20:36:04 +0000] "GET /api/v1/users HTTP/1.1" 304 - "http://localhost:8080/" "Mozilla/5.0 (Windows NT 10.0; Win64; x64) AppleWebKit/537.36 (KHTML, like Gecko) Chrome/63.0.3239.84 Safari/537.36"
::1 - - [30/Dec/2017:20:36:04 +0000] "GET /libs/components-font-awesome/fonts/fontawesome-webfont.woff2?v=4.7.0 HTTP/1.1" 304 - "http://localhost:8080/libs/components-font-awesome/css/font-awesome.min.css" "Mozilla/5.0 (Windows NT 10.0; Win64; x64) AppleWebKit/537.36 (KHTML, like Gecko) Chrome/63.0.3239.84 Safari/537.36"
::1 - - [30/Dec/2017:20:36:04 +0000] "GET /images/icon.png HTTP/1.1" 304 - "http://localhost:8080/" "Mozilla/5.0 (Windows NT 10.0; Win64; x64) AppleWebKit/537.36 (KHTML, like Gecko) Chrome/63.0.3239.84 Safari/537.36"
::1 - - [30/Dec/2017:20:36:04 +0000] "GET /fonts/glyphicons-halflings-regular.woff2 HTTP/1.1" 304 - "http://localhost:8080/css/bootstrap.min.css" "Mozilla/5.0 (Windows NT 10.0; Win64; x64) AppleWebKit/537.36 (KHTML, like Gecko) Chrome/63.0.3239.84 Safari/537.36"
::1 - - [30/Dec/2017:20:36:04 +0000] "GET /images/img-sprite.png HTTP/1.1" 304 - "http://localhost:8080/css/style.css" "Mozilla/5.0 (Windows NT 10.0; Win64; x64) AppleWebKit/537.36 (KHTML, like Gecko) Chrome/63.0.3239.84 Safari/537.36"
::1 - - [30/Dec/2017:20:41:52 +0000] "GET / HTTP/1.1" 304 - "http://localhost:8080/" "Mozilla/5.0 (Windows NT 10.0; Win64; x64) AppleWebKit/537.36 (KHTML, like Gecko) Chrome/63.0.3239.84 Safari/537.36"
::1 - - [30/Dec/2017:20:41:52 +0000] "GET /css/bootstrap.min.css HTTP/1.1" 304 - "http://localhost:8080/" "Mozilla/5.0 (Windows NT 10.0; Win64; x64) AppleWebKit/537.36 (KHTML, like Gecko) Chrome/63.0.3239.84 Safari/537.36"
::1 - - [30/Dec/2017:20:41:52 +0000] "GET /libs/angular-jk-carousel/dist/jk-carousel.min.css HTTP/1.1" 304 - "http://localhost:8080/" "Mozilla/5.0 (Windows NT 10.0; Win64; x64) AppleWebKit/537.36 (KHTML, like Gecko) Chrome/63.0.3239.84 Safari/537.36"
::1 - - [30/Dec/2017:20:41:52 +0000] "GET /libs/angular-material/angular-material.min.css HTTP/1.1" 304 - "http://localhost:8080/" "Mozilla/5.0 (Windows NT 10.0; Win64; x64) AppleWebKit/537.36 (KHTML, like Gecko) Chrome/63.0.3239.84 Safari/537.36"
::1 - - [30/Dec/2017:20:41:52 +0000] "GET /libs/components-font-awesome/css/font-awesome.min.css HTTP/1.1" 304 - "http://localhost:8080/" "Mozilla/5.0 (Windows NT 10.0; Win64; x64) AppleWebKit/537.36 (KHTML, like Gecko) Chrome/63.0.3239.84 Safari/537.36"
::1 - - [30/Dec/2017:20:41:52 +0000] "GET /css/style.css HTTP/1.1" 304 - "http://localhost:8080/" "Mozilla/5.0 (Windows NT 10.0; Win64; x64) AppleWebKit/537.36 (KHTML, like Gecko) Chrome/63.0.3239.84 Safari/537.36"
::1 - - [30/Dec/2017:20:41:52 +0000] "GET /libs/angular/angular.min.js HTTP/1.1" 304 - "http://localhost:8080/" "Mozilla/5.0 (Windows NT 10.0; Win64; x64) AppleWebKit/537.36 (KHTML, like Gecko) Chrome/63.0.3239.84 Safari/537.36"
::1 - - [30/Dec/2017:20:41:52 +0000] "GET /libs/angular-paging/dist/paging.min.js HTTP/1.1" 304 - "http://localhost:8080/" "Mozilla/5.0 (Windows NT 10.0; Win64; x64) AppleWebKit/537.36 (KHTML, like Gecko) Chrome/63.0.3239.84 Safari/537.36"
::1 - - [30/Dec/2017:20:41:52 +0000] "GET /libs/angular-jk-carousel/dist/jk-carousel.min.js HTTP/1.1" 304 - "http://localhost:8080/" "Mozilla/5.0 (Windows NT 10.0; Win64; x64) AppleWebKit/537.36 (KHTML, like Gecko) Chrome/63.0.3239.84 Safari/537.36"
::1 - - [30/Dec/2017:20:41:52 +0000] "GET /libs/angular-animate/angular-animate.min.js HTTP/1.1" 304 - "http://localhost:8080/" "Mozilla/5.0 (Windows NT 10.0; Win64; x64) AppleWebKit/537.36 (KHTML, like Gecko) Chrome/63.0.3239.84 Safari/537.36"
::1 - - [30/Dec/2017:20:41:52 +0000] "GET /libs/angular-aria/angular-aria.min.js HTTP/1.1" 304 - "http://localhost:8080/" "Mozilla/5.0 (Windows NT 10.0; Win64; x64) AppleWebKit/537.36 (KHTML, like Gecko) Chrome/63.0.3239.84 Safari/537.36"
::1 - - [30/Dec/2017:20:41:52 +0000] "GET /libs/angular-route/angular-route.min.js HTTP/1.1" 304 - "http://localhost:8080/" "Mozilla/5.0 (Windows NT 10.0; Win64; x64) AppleWebKit/537.36 (KHTML, like Gecko) Chrome/63.0.3239.84 Safari/537.36"
::1 - - [30/Dec/2017:20:41:52 +0000] "GET /libs/angular-messages/angular-messages.min.js HTTP/1.1" 304 - "http://localhost:8080/" "Mozilla/5.0 (Windows NT 10.0; Win64; x64) AppleWebKit/537.36 (KHTML, like Gecko) Chrome/63.0.3239.84 Safari/537.36"
::1 - - [30/Dec/2017:20:41:52 +0000] "GET /libs/ng-file-upload/ng-file-upload.min.js HTTP/1.1" 304 - "http://localhost:8080/" "Mozilla/5.0 (Windows NT 10.0; Win64; x64) AppleWebKit/537.36 (KHTML, like Gecko) Chrome/63.0.3239.84 Safari/537.36"
::1 - - [30/Dec/2017:20:41:52 +0000] "GET /libs/ng-file-upload-shim/ng-file-upload-shim.min.js HTTP/1.1" 304 - "http://localhost:8080/" "Mozilla/5.0 (Windows NT 10.0; Win64; x64) AppleWebKit/537.36 (KHTML, like Gecko) Chrome/63.0.3239.84 Safari/537.36"
::1 - - [30/Dec/2017:20:41:52 +0000] "GET /libs/angular-material/angular-material.min.js HTTP/1.1" 304 - "http://localhost:8080/" "Mozilla/5.0 (Windows NT 10.0; Win64; x64) AppleWebKit/537.36 (KHTML, like Gecko) Chrome/63.0.3239.84 Safari/537.36"
::1 - - [30/Dec/2017:20:41:52 +0000] "GET /libs/angular-google-analytics/dist/angular-google-analytics.min.js HTTP/1.1" 304 - "http://localhost:8080/" "Mozilla/5.0 (Windows NT 10.0; Win64; x64) AppleWebKit/537.36 (KHTML, like Gecko) Chrome/63.0.3239.84 Safari/537.36"
::1 - - [30/Dec/2017:20:41:52 +0000] "GET /libs/angular-flash-alert/dist/angular-flash.min.js HTTP/1.1" 304 - "http://localhost:8080/" "Mozilla/5.0 (Windows NT 10.0; Win64; x64) AppleWebKit/537.36 (KHTML, like Gecko) Chrome/63.0.3239.84 Safari/537.36"
::1 - - [30/Dec/2017:20:41:52 +0000] "GET /libs/jquery/dist/jquery.min.js HTTP/1.1" 304 - "http://localhost:8080/" "Mozilla/5.0 (Windows NT 10.0; Win64; x64) AppleWebKit/537.36 (KHTML, like Gecko) Chrome/63.0.3239.84 Safari/537.36"
::1 - - [30/Dec/2017:20:41:52 +0000] "GET /js/common/service.js HTTP/1.1" 304 - "http://localhost:8080/" "Mozilla/5.0 (Windows NT 10.0; Win64; x64) AppleWebKit/537.36 (KHTML, like Gecko) Chrome/63.0.3239.84 Safari/537.36"
::1 - - [30/Dec/2017:20:41:52 +0000] "GET /js/common/controller.js HTTP/1.1" 304 - "http://localhost:8080/" "Mozilla/5.0 (Windows NT 10.0; Win64; x64) AppleWebKit/537.36 (KHTML, like Gecko) Chrome/63.0.3239.84 Safari/537.36"
::1 - - [30/Dec/2017:20:41:52 +0000] "GET /js/user/service.js HTTP/1.1" 304 - "http://localhost:8080/" "Mozilla/5.0 (Windows NT 10.0; Win64; x64) AppleWebKit/537.36 (KHTML, like Gecko) Chrome/63.0.3239.84 Safari/537.36"
::1 - - [30/Dec/2017:20:41:52 +0000] "GET /js/user/controller.js HTTP/1.1" 304 - "http://localhost:8080/" "Mozilla/5.0 (Windows NT 10.0; Win64; x64) AppleWebKit/537.36 (KHTML, like Gecko) Chrome/63.0.3239.84 Safari/537.36"
::1 - - [30/Dec/2017:20:41:52 +0000] "GET /js/article/controller.js HTTP/1.1" 304 - "http://localhost:8080/" "Mozilla/5.0 (Windows NT 10.0; Win64; x64) AppleWebKit/537.36 (KHTML, like Gecko) Chrome/63.0.3239.84 Safari/537.36"
::1 - - [30/Dec/2017:20:41:52 +0000] "GET /js/article/service.js HTTP/1.1" 304 - "http://localhost:8080/" "Mozilla/5.0 (Windows NT 10.0; Win64; x64) AppleWebKit/537.36 (KHTML, like Gecko) Chrome/63.0.3239.84 Safari/537.36"
::1 - - [30/Dec/2017:20:41:52 +0000] "GET /js/routes.js HTTP/1.1" 304 - "http://localhost:8080/" "Mozilla/5.0 (Windows NT 10.0; Win64; x64) AppleWebKit/537.36 (KHTML, like Gecko) Chrome/63.0.3239.84 Safari/537.36"
::1 - - [30/Dec/2017:20:41:52 +0000] "GET /js/app.js HTTP/1.1" 304 - "http://localhost:8080/" "Mozilla/5.0 (Windows NT 10.0; Win64; x64) AppleWebKit/537.36 (KHTML, like Gecko) Chrome/63.0.3239.84 Safari/537.36"
::1 - - [30/Dec/2017:20:41:52 +0000] "GET /views/index.html HTTP/1.1" 304 - "http://localhost:8080/" "Mozilla/5.0 (Windows NT 10.0; Win64; x64) AppleWebKit/537.36 (KHTML, like Gecko) Chrome/63.0.3239.84 Safari/537.36"
::1 - - [30/Dec/2017:20:41:52 +0000] "GET /api/v1/users HTTP/1.1" 304 - "http://localhost:8080/" "Mozilla/5.0 (Windows NT 10.0; Win64; x64) AppleWebKit/537.36 (KHTML, like Gecko) Chrome/63.0.3239.84 Safari/537.36"
::1 - - [30/Dec/2017:20:41:52 +0000] "GET /views/partials/header.html HTTP/1.1" 304 - "http://localhost:8080/" "Mozilla/5.0 (Windows NT 10.0; Win64; x64) AppleWebKit/537.36 (KHTML, like Gecko) Chrome/63.0.3239.84 Safari/537.36"
::1 - - [30/Dec/2017:20:41:52 +0000] "GET /views/partials/forms/searchform.html HTTP/1.1" 304 - "http://localhost:8080/" "Mozilla/5.0 (Windows NT 10.0; Win64; x64) AppleWebKit/537.36 (KHTML, like Gecko) Chrome/63.0.3239.84 Safari/537.36"
::1 - - [30/Dec/2017:20:41:52 +0000] "GET /api/v1/users HTTP/1.1" 304 - "http://localhost:8080/" "Mozilla/5.0 (Windows NT 10.0; Win64; x64) AppleWebKit/537.36 (KHTML, like Gecko) Chrome/63.0.3239.84 Safari/537.36"
::1 - - [30/Dec/2017:20:41:52 +0000] "GET /views/partials/footer.html HTTP/1.1" 304 - "http://localhost:8080/" "Mozilla/5.0 (Windows NT 10.0; Win64; x64) AppleWebKit/537.36 (KHTML, like Gecko) Chrome/63.0.3239.84 Safari/537.36"
::1 - - [30/Dec/2017:20:41:52 +0000] "GET /libs/components-font-awesome/fonts/fontawesome-webfont.woff2?v=4.7.0 HTTP/1.1" 304 - "http://localhost:8080/libs/components-font-awesome/css/font-awesome.min.css" "Mozilla/5.0 (Windows NT 10.0; Win64; x64) AppleWebKit/537.36 (KHTML, like Gecko) Chrome/63.0.3239.84 Safari/537.36"
::1 - - [30/Dec/2017:20:41:52 +0000] "GET /images/icon.png HTTP/1.1" 304 - "http://localhost:8080/" "Mozilla/5.0 (Windows NT 10.0; Win64; x64) AppleWebKit/537.36 (KHTML, like Gecko) Chrome/63.0.3239.84 Safari/537.36"
::1 - - [30/Dec/2017:20:41:52 +0000] "GET /fonts/glyphicons-halflings-regular.woff2 HTTP/1.1" 304 - "http://localhost:8080/css/bootstrap.min.css" "Mozilla/5.0 (Windows NT 10.0; Win64; x64) AppleWebKit/537.36 (KHTML, like Gecko) Chrome/63.0.3239.84 Safari/537.36"
::1 - - [30/Dec/2017:20:41:52 +0000] "GET /images/img-sprite.png HTTP/1.1" 304 - "http://localhost:8080/css/style.css" "Mozilla/5.0 (Windows NT 10.0; Win64; x64) AppleWebKit/537.36 (KHTML, like Gecko) Chrome/63.0.3239.84 Safari/537.36"
::1 - - [30/Dec/2017:20:41:54 +0000] "GET /views/login.html HTTP/1.1" 304 - "http://localhost:8080/login" "Mozilla/5.0 (Windows NT 10.0; Win64; x64) AppleWebKit/537.36 (KHTML, like Gecko) Chrome/63.0.3239.84 Safari/537.36"
::1 - - [30/Dec/2017:20:41:54 +0000] "GET /views/partials/forms/loginform.html HTTP/1.1" 304 - "http://localhost:8080/login" "Mozilla/5.0 (Windows NT 10.0; Win64; x64) AppleWebKit/537.36 (KHTML, like Gecko) Chrome/63.0.3239.84 Safari/537.36"
::1 - - [30/Dec/2017:20:41:54 +0000] "GET /images/icon.png HTTP/1.1" 304 - "http://localhost:8080/login" "Mozilla/5.0 (Windows NT 10.0; Win64; x64) AppleWebKit/537.36 (KHTML, like Gecko) Chrome/63.0.3239.84 Safari/537.36"
::1 - - [30/Dec/2017:20:41:54 +0000] "GET /images/lock.png HTTP/1.1" 304 - "http://localhost:8080/css/style.css" "Mozilla/5.0 (Windows NT 10.0; Win64; x64) AppleWebKit/537.36 (KHTML, like Gecko) Chrome/63.0.3239.84 Safari/537.36"
::1 - - [30/Dec/2017:20:41:54 +0000] "GET /images/user.png HTTP/1.1" 304 - "http://localhost:8080/css/style.css" "Mozilla/5.0 (Windows NT 10.0; Win64; x64) AppleWebKit/537.36 (KHTML, like Gecko) Chrome/63.0.3239.84 Safari/537.36"
::1 - - [30/Dec/2017:20:41:59 +0000] "POST /api/v1/login HTTP/1.1" 200 249 "http://localhost:8080/login" "Mozilla/5.0 (Windows NT 10.0; Win64; x64) AppleWebKit/537.36 (KHTML, like Gecko) Chrome/63.0.3239.84 Safari/537.36"
::1 - - [30/Dec/2017:20:41:59 +0000] "GET / HTTP/1.1" 304 - "http://localhost:8080/login" "Mozilla/5.0 (Windows NT 10.0; Win64; x64) AppleWebKit/537.36 (KHTML, like Gecko) Chrome/63.0.3239.84 Safari/537.36"
::1 - - [30/Dec/2017:20:41:59 +0000] "GET /css/bootstrap.min.css HTTP/1.1" 304 - "http://localhost:8080/" "Mozilla/5.0 (Windows NT 10.0; Win64; x64) AppleWebKit/537.36 (KHTML, like Gecko) Chrome/63.0.3239.84 Safari/537.36"
::1 - - [30/Dec/2017:20:41:59 +0000] "GET /libs/angular-material/angular-material.min.css HTTP/1.1" 304 - "http://localhost:8080/" "Mozilla/5.0 (Windows NT 10.0; Win64; x64) AppleWebKit/537.36 (KHTML, like Gecko) Chrome/63.0.3239.84 Safari/537.36"
::1 - - [30/Dec/2017:20:41:59 +0000] "GET /libs/angular-jk-carousel/dist/jk-carousel.min.css HTTP/1.1" 304 - "http://localhost:8080/" "Mozilla/5.0 (Windows NT 10.0; Win64; x64) AppleWebKit/537.36 (KHTML, like Gecko) Chrome/63.0.3239.84 Safari/537.36"
::1 - - [30/Dec/2017:20:41:59 +0000] "GET /css/style.css HTTP/1.1" 304 - "http://localhost:8080/" "Mozilla/5.0 (Windows NT 10.0; Win64; x64) AppleWebKit/537.36 (KHTML, like Gecko) Chrome/63.0.3239.84 Safari/537.36"
::1 - - [30/Dec/2017:20:41:59 +0000] "GET /libs/components-font-awesome/css/font-awesome.min.css HTTP/1.1" 304 - "http://localhost:8080/" "Mozilla/5.0 (Windows NT 10.0; Win64; x64) AppleWebKit/537.36 (KHTML, like Gecko) Chrome/63.0.3239.84 Safari/537.36"
::1 - - [30/Dec/2017:20:41:59 +0000] "GET /libs/angular/angular.min.js HTTP/1.1" 304 - "http://localhost:8080/" "Mozilla/5.0 (Windows NT 10.0; Win64; x64) AppleWebKit/537.36 (KHTML, like Gecko) Chrome/63.0.3239.84 Safari/537.36"
::1 - - [30/Dec/2017:20:41:59 +0000] "GET /libs/angular-route/angular-route.min.js HTTP/1.1" 304 - "http://localhost:8080/" "Mozilla/5.0 (Windows NT 10.0; Win64; x64) AppleWebKit/537.36 (KHTML, like Gecko) Chrome/63.0.3239.84 Safari/537.36"
::1 - - [30/Dec/2017:20:41:59 +0000] "GET /libs/angular-jk-carousel/dist/jk-carousel.min.js HTTP/1.1" 304 - "http://localhost:8080/" "Mozilla/5.0 (Windows NT 10.0; Win64; x64) AppleWebKit/537.36 (KHTML, like Gecko) Chrome/63.0.3239.84 Safari/537.36"
::1 - - [30/Dec/2017:20:41:59 +0000] "GET /libs/angular-animate/angular-animate.min.js HTTP/1.1" 304 - "http://localhost:8080/" "Mozilla/5.0 (Windows NT 10.0; Win64; x64) AppleWebKit/537.36 (KHTML, like Gecko) Chrome/63.0.3239.84 Safari/537.36"
::1 - - [30/Dec/2017:20:41:59 +0000] "GET /libs/angular-aria/angular-aria.min.js HTTP/1.1" 304 - "http://localhost:8080/" "Mozilla/5.0 (Windows NT 10.0; Win64; x64) AppleWebKit/537.36 (KHTML, like Gecko) Chrome/63.0.3239.84 Safari/537.36"
::1 - - [30/Dec/2017:20:41:59 +0000] "GET /libs/angular-paging/dist/paging.min.js HTTP/1.1" 304 - "http://localhost:8080/" "Mozilla/5.0 (Windows NT 10.0; Win64; x64) AppleWebKit/537.36 (KHTML, like Gecko) Chrome/63.0.3239.84 Safari/537.36"
::1 - - [30/Dec/2017:20:41:59 +0000] "GET /libs/angular-messages/angular-messages.min.js HTTP/1.1" 304 - "http://localhost:8080/" "Mozilla/5.0 (Windows NT 10.0; Win64; x64) AppleWebKit/537.36 (KHTML, like Gecko) Chrome/63.0.3239.84 Safari/537.36"
::1 - - [30/Dec/2017:20:41:59 +0000] "GET /libs/angular-material/angular-material.min.js HTTP/1.1" 304 - "http://localhost:8080/" "Mozilla/5.0 (Windows NT 10.0; Win64; x64) AppleWebKit/537.36 (KHTML, like Gecko) Chrome/63.0.3239.84 Safari/537.36"
::1 - - [30/Dec/2017:20:41:59 +0000] "GET /libs/angular-google-analytics/dist/angular-google-analytics.min.js HTTP/1.1" 304 - "http://localhost:8080/" "Mozilla/5.0 (Windows NT 10.0; Win64; x64) AppleWebKit/537.36 (KHTML, like Gecko) Chrome/63.0.3239.84 Safari/537.36"
::1 - - [30/Dec/2017:20:41:59 +0000] "GET /libs/angular-flash-alert/dist/angular-flash.min.js HTTP/1.1" 304 - "http://localhost:8080/" "Mozilla/5.0 (Windows NT 10.0; Win64; x64) AppleWebKit/537.36 (KHTML, like Gecko) Chrome/63.0.3239.84 Safari/537.36"
::1 - - [30/Dec/2017:20:41:59 +0000] "GET /libs/ng-file-upload-shim/ng-file-upload-shim.min.js HTTP/1.1" 304 - "http://localhost:8080/" "Mozilla/5.0 (Windows NT 10.0; Win64; x64) AppleWebKit/537.36 (KHTML, like Gecko) Chrome/63.0.3239.84 Safari/537.36"
::1 - - [30/Dec/2017:20:41:59 +0000] "GET /libs/ng-file-upload/ng-file-upload.min.js HTTP/1.1" 304 - "http://localhost:8080/" "Mozilla/5.0 (Windows NT 10.0; Win64; x64) AppleWebKit/537.36 (KHTML, like Gecko) Chrome/63.0.3239.84 Safari/537.36"
::1 - - [30/Dec/2017:20:41:59 +0000] "GET /libs/jquery/dist/jquery.min.js HTTP/1.1" 304 - "http://localhost:8080/" "Mozilla/5.0 (Windows NT 10.0; Win64; x64) AppleWebKit/537.36 (KHTML, like Gecko) Chrome/63.0.3239.84 Safari/537.36"
::1 - - [30/Dec/2017:20:41:59 +0000] "GET /js/common/service.js HTTP/1.1" 304 - "http://localhost:8080/" "Mozilla/5.0 (Windows NT 10.0; Win64; x64) AppleWebKit/537.36 (KHTML, like Gecko) Chrome/63.0.3239.84 Safari/537.36"
::1 - - [30/Dec/2017:20:41:59 +0000] "GET /js/user/service.js HTTP/1.1" 304 - "http://localhost:8080/" "Mozilla/5.0 (Windows NT 10.0; Win64; x64) AppleWebKit/537.36 (KHTML, like Gecko) Chrome/63.0.3239.84 Safari/537.36"
::1 - - [30/Dec/2017:20:41:59 +0000] "GET /js/user/controller.js HTTP/1.1" 304 - "http://localhost:8080/" "Mozilla/5.0 (Windows NT 10.0; Win64; x64) AppleWebKit/537.36 (KHTML, like Gecko) Chrome/63.0.3239.84 Safari/537.36"
::1 - - [30/Dec/2017:20:41:59 +0000] "GET /js/common/controller.js HTTP/1.1" 304 - "http://localhost:8080/" "Mozilla/5.0 (Windows NT 10.0; Win64; x64) AppleWebKit/537.36 (KHTML, like Gecko) Chrome/63.0.3239.84 Safari/537.36"
::1 - - [30/Dec/2017:20:41:59 +0000] "GET /js/article/controller.js HTTP/1.1" 304 - "http://localhost:8080/" "Mozilla/5.0 (Windows NT 10.0; Win64; x64) AppleWebKit/537.36 (KHTML, like Gecko) Chrome/63.0.3239.84 Safari/537.36"
::1 - - [30/Dec/2017:20:41:59 +0000] "GET /js/article/service.js HTTP/1.1" 304 - "http://localhost:8080/" "Mozilla/5.0 (Windows NT 10.0; Win64; x64) AppleWebKit/537.36 (KHTML, like Gecko) Chrome/63.0.3239.84 Safari/537.36"
::1 - - [30/Dec/2017:20:41:59 +0000] "GET /js/routes.js HTTP/1.1" 304 - "http://localhost:8080/" "Mozilla/5.0 (Windows NT 10.0; Win64; x64) AppleWebKit/537.36 (KHTML, like Gecko) Chrome/63.0.3239.84 Safari/537.36"
::1 - - [30/Dec/2017:20:41:59 +0000] "GET /js/app.js HTTP/1.1" 304 - "http://localhost:8080/" "Mozilla/5.0 (Windows NT 10.0; Win64; x64) AppleWebKit/537.36 (KHTML, like Gecko) Chrome/63.0.3239.84 Safari/537.36"
::1 - - [30/Dec/2017:20:41:59 +0000] "GET /views/index.html HTTP/1.1" 304 - "http://localhost:8080/" "Mozilla/5.0 (Windows NT 10.0; Win64; x64) AppleWebKit/537.36 (KHTML, like Gecko) Chrome/63.0.3239.84 Safari/537.36"
::1 - - [30/Dec/2017:20:42:00 +0000] "GET /api/v1/users HTTP/1.1" 304 - "http://localhost:8080/" "Mozilla/5.0 (Windows NT 10.0; Win64; x64) AppleWebKit/537.36 (KHTML, like Gecko) Chrome/63.0.3239.84 Safari/537.36"
::1 - - [30/Dec/2017:20:42:00 +0000] "GET /views/partials/header.html HTTP/1.1" 304 - "http://localhost:8080/" "Mozilla/5.0 (Windows NT 10.0; Win64; x64) AppleWebKit/537.36 (KHTML, like Gecko) Chrome/63.0.3239.84 Safari/537.36"
::1 - - [30/Dec/2017:20:42:00 +0000] "GET /api/v1/users HTTP/1.1" 304 - "http://localhost:8080/" "Mozilla/5.0 (Windows NT 10.0; Win64; x64) AppleWebKit/537.36 (KHTML, like Gecko) Chrome/63.0.3239.84 Safari/537.36"
::1 - - [30/Dec/2017:20:42:00 +0000] "GET /views/partials/forms/searchform.html HTTP/1.1" 304 - "http://localhost:8080/" "Mozilla/5.0 (Windows NT 10.0; Win64; x64) AppleWebKit/537.36 (KHTML, like Gecko) Chrome/63.0.3239.84 Safari/537.36"
::1 - - [30/Dec/2017:20:42:00 +0000] "GET /views/partials/footer.html HTTP/1.1" 304 - "http://localhost:8080/" "Mozilla/5.0 (Windows NT 10.0; Win64; x64) AppleWebKit/537.36 (KHTML, like Gecko) Chrome/63.0.3239.84 Safari/537.36"
::1 - - [30/Dec/2017:20:42:00 +0000] "GET /libs/components-font-awesome/fonts/fontawesome-webfont.woff2?v=4.7.0 HTTP/1.1" 304 - "http://localhost:8080/libs/components-font-awesome/css/font-awesome.min.css" "Mozilla/5.0 (Windows NT 10.0; Win64; x64) AppleWebKit/537.36 (KHTML, like Gecko) Chrome/63.0.3239.84 Safari/537.36"
::1 - - [30/Dec/2017:20:42:00 +0000] "GET /images/icon.png HTTP/1.1" 304 - "http://localhost:8080/" "Mozilla/5.0 (Windows NT 10.0; Win64; x64) AppleWebKit/537.36 (KHTML, like Gecko) Chrome/63.0.3239.84 Safari/537.36"
::1 - - [30/Dec/2017:20:42:00 +0000] "GET /fonts/glyphicons-halflings-regular.woff2 HTTP/1.1" 304 - "http://localhost:8080/css/bootstrap.min.css" "Mozilla/5.0 (Windows NT 10.0; Win64; x64) AppleWebKit/537.36 (KHTML, like Gecko) Chrome/63.0.3239.84 Safari/537.36"
::1 - - [30/Dec/2017:20:42:00 +0000] "GET /images/img-sprite.png HTTP/1.1" 304 - "http://localhost:8080/css/style.css" "Mozilla/5.0 (Windows NT 10.0; Win64; x64) AppleWebKit/537.36 (KHTML, like Gecko) Chrome/63.0.3239.84 Safari/537.36"
